#
# A fatal error has been detected by the Java Runtime Environment:
#
#  EXCEPTION_ACCESS_VIOLATION (0xc0000005) at pc=0x000000006ee76520, pid=11128, tid=0x00000000000046a8
#
# JRE version: Java(TM) SE Runtime Environment (8.0_261-b12) (build 1.8.0_261-b12)
# Java VM: Java HotSpot(TM) 64-Bit Server VM (25.261-b12 mixed mode windows-amd64 compressed oops)
# Problematic frame:
# C  [xuggle175301644784678005.dll+0x736520]
#
# Failed to write core dump. Minidumps are not enabled by default on client versions of Windows
#
# If you would like to submit a bug report, please visit:
#   http://bugreport.java.com/bugreport/crash.jsp
# The crash happened outside the Java Virtual Machine in native code.
# See problematic frame for where to report the bug.
#

---------------  T H R E A D  ---------------

Current thread (0x000001cace532000):  JavaThread "Thread-20" daemon [_thread_in_native, id=18088, stack(0x000000698c900000,0x000000698ca00000)]

siginfo: ExceptionCode=0xc0000005, reading address 0xffffffffffffffff

Registers:
RAX=0x000001cad2a8fe90, RBX=0x000001cad306bc40, RCX=0x000001cad2a8fe90, RDX=0x0000000000000009
RSP=0x000000698c9fe0b0, RBP=0x000001cad2a8f5d0, RSI=0x000001cad2a90e90, RDI=0x0000000000000004
R8 =0x000000006ee77580, R9 =0x000000006ee76490, R10=0x000001cad2196400, R11=0x000001cad26a33b0
R12=0x000001cad26a3bb0, R13=0x0000000000000004, R14=0x0000000000000184, R15=0x000000006fab8f20
RIP=0x000000006ee76520, EFLAGS=0x0000000000010202

Top of Stack: (sp=0x000000698c9fe0b0)
0x000000698c9fe0b0:   000000006ee76665 000000006ee774c5
0x000000698c9fe0c0:   000000006ee77505 000000006ee77545
0x000000698c9fe0d0:   000000006ee77585 000000006ee79426
0x000000698c9fe0e0:   000000006fa67a80 000001cad2a8fe90
0x000000698c9fe0f0:   000001cad306e100 000001caaa017b50
0x000000698c9fe100:   3fe0000000000000 0000000000000000
0x000000698c9fe110:   40c7760000000000 0000000000000000
0x000000698c9fe120:   0002000200020002 0000000000000000
0x000000698c9fe130:   000001cad306f100 000000006ea45d24
0x000000698c9fe140:   3f40000000000000 0000000300000000
0x000000698c9fe150:   3fe0000000000000 0000000000000000
0x000000698c9fe160:   40c7760000000000 0000000000000000
0x000000698c9fe170:   000001cad3078000 000000006fab7320
0x000000698c9fe180:   0000000000000000 000001cad306bba0
0x000000698c9fe190:   0000000000000000 000001cad2a8f5d0
0x000000698c9fe1a0:   000001cad2a8f5d0 0000000000000000 

Instructions: (pc=0x000000006ee76520)
0x000000006ee76500:   c4 e3 5d 0c c0 55 c5 e4 5c c8 c5 e4 58 c0 c5 fc
0x000000006ee76510:   29 01 c5 fc 29 49 20 c3 0f 1f 84 00 00 00 00 00
0x000000006ee76520:   c5 fc 28 51 40 c5 fc 28 59 60 c5 ec 5c fb c5 ec
0x000000006ee76530:   58 d3 c5 c4 57 3d 26 41 84 00 c5 ec c6 df be c5 


Register to memory mapping:

RAX=0x000001cad2a8fe90 is an unknown value
RBX=0x000001cad306bc40 is an unknown value
RCX=0x000001cad2a8fe90 is an unknown value
RDX=0x0000000000000009 is an unknown value
RSP=0x000000698c9fe0b0 is pointing into the stack for thread: 0x000001cace532000
RBP=0x000001cad2a8f5d0 is an unknown value
RSI=0x000001cad2a90e90 is an unknown value
RDI=0x0000000000000004 is an unknown value
R8 =0x000000006ee77580 is an unknown value
R9 =0x000000006ee76490 is an unknown value
R10=0x000001cad2196400 is an unknown value
R11=0x000001cad26a33b0 is an unknown value
R12=0x000001cad26a3bb0 is an unknown value
R13=0x0000000000000004 is an unknown value
R14=0x0000000000000184 is an unknown value
R15=0x000000006fab8f20 is an unknown value


Stack: [0x000000698c900000,0x000000698ca00000],  sp=0x000000698c9fe0b0,  free space=1016k
Native frames: (J=compiled Java code, j=interpreted, Vv=VM code, C=native code)
C  [xuggle175301644784678005.dll+0x736520]

Java frames: (J=compiled Java code, j=interpreted, Vv=VM code)
j  com.xuggle.xuggler.XugglerJNI.IContainer_open__SWIG_0(JLcom/xuggle/xuggler/IContainer;Ljava/lang/String;IJLcom/xuggle/xuggler/IContainerFormat;)I+0
j  com.xuggle.xuggler.IContainer.open(Ljava/lang/String;Lcom/xuggle/xuggler/IContainer$Type;Lcom/xuggle/xuggler/IContainerFormat;)I+15
j  vn.edu.topedu.xuggler.VideoInfo.getDuration(Ljava/lang/String;)J+10
j  vn.edu.topedu.rest.admin.VideoREST$1.run()V+20
j  java.lang.Thread.run()V+11
v  ~StubRoutines::call_stub

---------------  P R O C E S S  ---------------

Java Threads: ( => current thread )
  0x000001cace53f800 JavaThread "Thread-38" daemon [_thread_in_native, id=24424, stack(0x000000698db00000,0x000000698dc00000)]
  0x000001cace53f000 JavaThread "Thread-37" daemon [_thread_in_native, id=37972, stack(0x000000698da00000,0x000000698db00000)]
  0x000001cace537800 JavaThread "Thread-36" daemon [_thread_in_native, id=2220, stack(0x000000698d900000,0x000000698da00000)]
  0x000001cace53e000 JavaThread "Thread-35" daemon [_thread_in_native, id=19008, stack(0x000000698d800000,0x000000698d900000)]
  0x000001cace536800 JavaThread "Thread-34" daemon [_thread_in_native, id=8304, stack(0x000000698d700000,0x000000698d800000)]
  0x000001cace53d800 JavaThread "Thread-33" daemon [_thread_in_native, id=33424, stack(0x000000698d600000,0x000000698d700000)]
  0x000001cace536000 JavaThread "Thread-32" daemon [_thread_in_native, id=3720, stack(0x000000698d500000,0x000000698d600000)]
  0x000001cace53c800 JavaThread "Thread-31" daemon [_thread_in_native, id=23820, stack(0x000000698d400000,0x000000698d500000)]
  0x000001cace535000 JavaThread "Thread-30" daemon [_thread_in_native, id=25328, stack(0x000000698d300000,0x000000698d400000)]
  0x000001cace53c000 JavaThread "Thread-29" daemon [_thread_in_native, id=20220, stack(0x000000698d200000,0x000000698d300000)]
  0x000001cace53b000 JavaThread "Thread-28" daemon [_thread_in_native, id=1800, stack(0x000000698d100000,0x000000698d200000)]
  0x000001cace534800 JavaThread "Thread-27" daemon [_thread_in_native, id=11656, stack(0x000000698d000000,0x000000698d100000)]
  0x000001cace539000 JavaThread "Thread-25" daemon [_thread_in_native, id=33852, stack(0x000000698ce00000,0x000000698cf00000)]
  0x000001cace539800 JavaThread "Thread-24" daemon [_thread_in_native, id=19364, stack(0x000000698cd00000,0x000000698ce00000)]
  0x000001cace533000 JavaThread "Thread-23" daemon [_thread_in_native, id=30912, stack(0x000000698cc00000,0x000000698cd00000)]
  0x000001cace531800 JavaThread "Thread-22" daemon [_thread_in_native, id=28324, stack(0x000000698cb00000,0x000000698cc00000)]
=>0x000001cace532000 JavaThread "Thread-20" daemon [_thread_in_native, id=18088, stack(0x000000698c900000,0x000000698ca00000)]
  0x000001cace533800 JavaThread "Thread-19" daemon [_thread_in_native, id=9724, stack(0x000000698c800000,0x000000698c900000)]
  0x000001cad0ac4800 JavaThread "Thread-17" daemon [_thread_in_native, id=23420, stack(0x000000698c600000,0x000000698c700000)]
  0x000001cad0abc000 JavaThread "DestroyJavaVM" [_thread_blocked, id=19576, stack(0x0000006989000000,0x0000006989100000)]
  0x000001cad0aba000 JavaThread "http-nio-25001-Acceptor" daemon [_thread_in_native, id=27104, stack(0x000000698bf00000,0x000000698c000000)]
  0x000001cad0ac0800 JavaThread "http-nio-25001-ClientPoller" daemon [_thread_in_native, id=31192, stack(0x000000698be00000,0x000000698bf00000)]
  0x000001cad0ac0000 JavaThread "http-nio-25001-exec-10" daemon [_thread_blocked, id=30860, stack(0x000000698bd00000,0x000000698be00000)]
  0x000001cad0abe800 JavaThread "http-nio-25001-exec-9" daemon [_thread_blocked, id=27832, stack(0x000000698bc00000,0x000000698bd00000)]
  0x000001cad0abf000 JavaThread "http-nio-25001-exec-8" daemon [_thread_blocked, id=33872, stack(0x000000698bb00000,0x000000698bc00000)]
  0x000001cad0aba800 JavaThread "http-nio-25001-exec-7" daemon [_thread_blocked, id=24120, stack(0x000000698ba00000,0x000000698bb00000)]
  0x000001cad0abd800 JavaThread "http-nio-25001-exec-6" daemon [_thread_blocked, id=30272, stack(0x000000698b900000,0x000000698ba00000)]
  0x000001cad0abd000 JavaThread "http-nio-25001-exec-5" daemon [_thread_blocked, id=32804, stack(0x000000698b800000,0x000000698b900000)]
  0x000001cad0ab8800 JavaThread "http-nio-25001-exec-4" daemon [_thread_blocked, id=17760, stack(0x000000698b700000,0x000000698b800000)]
  0x000001cad0ab9000 JavaThread "http-nio-25001-exec-3" daemon [_thread_blocked, id=34616, stack(0x000000698b600000,0x000000698b700000)]
  0x000001caca6e0000 JavaThread "http-nio-25001-exec-2" daemon [_thread_blocked, id=13008, stack(0x000000698b500000,0x000000698b600000)]
  0x000001caca6df000 JavaThread "http-nio-25001-exec-1" daemon [_thread_blocked, id=6408, stack(0x000000698b400000,0x000000698b500000)]
  0x000001caca6de800 JavaThread "http-nio-25001-BlockPoller" daemon [_thread_in_native, id=31628, stack(0x000000698b300000,0x000000698b400000)]
  0x000001caca6dd800 JavaThread "MessageBroker-4" [_thread_blocked, id=21644, stack(0x000000698b200000,0x000000698b300000)]
  0x000001caca6dd000 JavaThread "MessageBroker-3" [_thread_blocked, id=24308, stack(0x000000698b100000,0x000000698b200000)]
  0x000001caca6dc000 JavaThread "MessageBroker-2" [_thread_blocked, id=26020, stack(0x000000698af00000,0x000000698b000000)]
  0x000001caca6e1800 JavaThread "Live Reload Server" daemon [_thread_in_native, id=34564, stack(0x000000698b000000,0x000000698b100000)]
  0x000001caca6e2000 JavaThread "File Watcher" daemon [_thread_blocked, id=4624, stack(0x000000698ae00000,0x000000698af00000)]
  0x000001caca6db800 JavaThread "MessageBroker-1" [_thread_blocked, id=23832, stack(0x000000698ad00000,0x000000698ae00000)]
  0x000001caca6e0800 JavaThread "container-0" [_thread_blocked, id=37292, stack(0x000000698ac00000,0x000000698ad00000)]
  0x000001cac7f13800 JavaThread "Catalina-utility-2" [_thread_blocked, id=11364, stack(0x000000698ab00000,0x000000698ac00000)]
  0x000001cac7f12800 JavaThread "Catalina-utility-1" [_thread_blocked, id=20120, stack(0x000000698aa00000,0x000000698ab00000)]
  0x000001cac7f11000 JavaThread "HikariPool-1 housekeeper" daemon [_thread_blocked, id=17952, stack(0x000000698a800000,0x000000698a900000)]
  0x000001cac7f10800 JavaThread "mysql-cj-abandoned-connection-cleanup" daemon [_thread_blocked, id=37840, stack(0x000000698a600000,0x000000698a700000)]
  0x000001cac5290800 JavaThread "Service Thread" daemon [_thread_blocked, id=21888, stack(0x000000698a200000,0x000000698a300000)]
  0x000001cac3559000 JavaThread "C1 CompilerThread3" daemon [_thread_blocked, id=6620, stack(0x000000698a100000,0x000000698a200000)]
  0x000001cac3554000 JavaThread "C2 CompilerThread2" daemon [_thread_blocked, id=24588, stack(0x000000698a000000,0x000000698a100000)]
  0x000001cac354d800 JavaThread "C2 CompilerThread1" daemon [_thread_blocked, id=29752, stack(0x0000006989f00000,0x000000698a000000)]
  0x000001cac354c000 JavaThread "C2 CompilerThread0" daemon [_thread_in_native, id=28816, stack(0x0000006989e00000,0x0000006989f00000)]
  0x000001cac3542000 JavaThread "Attach Listener" daemon [_thread_blocked, id=33900, stack(0x0000006989d00000,0x0000006989e00000)]
  0x000001cac353b000 JavaThread "Signal Dispatcher" daemon [_thread_blocked, id=12568, stack(0x0000006989c00000,0x0000006989d00000)]
  0x000001cac351d000 JavaThread "Finalizer" daemon [_thread_blocked, id=24876, stack(0x0000006989b00000,0x0000006989c00000)]
  0x000001cac3516000 JavaThread "Reference Handler" daemon [_thread_blocked, id=20704, stack(0x0000006989a00000,0x0000006989b00000)]

Other Threads:
  0x000001cac34f1000 VMThread [stack: 0x0000006989900000,0x0000006989a00000] [id=28944]
  0x000001cac5255000 WatcherThread [stack: 0x000000698a300000,0x000000698a400000] [id=9692]

VM state:not at safepoint (normal execution)

VM Mutex/Monitor currently owned by a thread: None

heap address: 0x00000006c1600000, size: 4074 MB, Compressed Oops mode: Zero based, Oop shift amount: 3
Narrow klass base: 0x0000000000000000, Narrow klass shift: 3
Compressed class space size: 1073741824 Address: 0x00000007c0000000

Heap:
 PSYoungGen      total 614400K, used 495492K [0x000000076b200000, 0x0000000793d00000, 0x00000007c0000000)
  eden space 591360K, 83% used [0x000000076b200000,0x00000007895e12c8,0x000000078f380000)
  from space 23040K, 0% used [0x0000000790b00000,0x0000000790b00000,0x0000000792180000)
  to   space 24064K, 0% used [0x000000078f380000,0x000000078f380000,0x0000000790b00000)
 ParOldGen       total 217088K, used 28662K [0x00000006c1600000, 0x00000006cea00000, 0x000000076b200000)
  object space 217088K, 13% used [0x00000006c1600000,0x00000006c31fd890,0x00000006cea00000)
 Metaspace       used 71722K, capacity 75038K, committed 75288K, reserved 1114112K
  class space    used 9704K, capacity 10256K, committed 10288K, reserved 1048576K

Card table byte_map: [0x000001cab93d0000,0x000001cab9bd0000] byte_map_base: 0x000001cab5dc5000

Marking Bits: (ParMarkBitMap*) 0x00000000633f4fb0
 Begin Bits: [0x000001caba120000, 0x000001cabe0c8000)
 End Bits:   [0x000001cabe0c8000, 0x000001cac2070000)

Polling page: 0x000001caa8740000

CodeCache: size=245760Kb used=21809Kb max_used=23527Kb free=223950Kb
 bounds [0x000001caaa010000, 0x000001caab740000, 0x000001cab9010000]
 total_blobs=7217 nmethods=6570 adapters=557
 compilation: enabled

Compilation events (10 events):
Event: 10.363 Thread 0x000001cac3559000 7778       3       org.springframework.boot.logging.logback.ColorConverter::transform (60 bytes)
Event: 10.364 Thread 0x000001cac3559000 nmethod 7778 0x000001caaaad7b10 code [0x000001caaaad7d60, 0x000001caaaad8c80]
Event: 10.364 Thread 0x000001cac3559000 7779       3       org.springframework.boot.logging.logback.ColorConverter::toAnsiString (16 bytes)
Event: 10.365 Thread 0x000001cac3559000 nmethod 7779 0x000001caaa653a10 code [0x000001caaa653c00, 0x000001caaa654520]
Event: 10.366 Thread 0x000001cac3559000 7783       3       ch.qos.logback.classic.Logger::appendLoopOnAppenders (18 bytes)
Event: 10.366 Thread 0x000001cac3559000 nmethod 7783 0x000001caaa915710 code [0x000001caaa915880, 0x000001caaa915a90]
Event: 10.366 Thread 0x000001cac3559000 7784       1       ch.qos.logback.core.UnsynchronizedAppenderBase::isStarted (5 bytes)
Event: 10.367 Thread 0x000001cac3559000 nmethod 7784 0x000001caaacdd1d0 code [0x000001caaacdd320, 0x000001caaacdd438]
Event: 10.367 Thread 0x000001cac3559000 7785       1       ch.qos.logback.classic.spi.LoggingEvent::getLevel (5 bytes)
Event: 10.367 Thread 0x000001cac3559000 nmethod 7785 0x000001caaac60150 code [0x000001caaac602a0, 0x000001caaac603b8]

GC Heap History (10 events):
Event: 3.483 GC heap before
{Heap before GC invocations=7 (full 1):
 PSYoungGen      total 272896K, used 157352K [0x000000076b200000, 0x0000000785d00000, 0x00000007c0000000)
  eden space 262144K, 55% used [0x000000076b200000,0x000000077412a4d0,0x000000077b200000)
  from space 10752K, 99% used [0x000000077b200000,0x000000077bc7fe28,0x000000077bc80000)
  to   space 13824K, 0% used [0x0000000784f80000,0x0000000784f80000,0x0000000785d00000)
 ParOldGen       total 98816K, used 7324K [0x00000006c1600000, 0x00000006c7680000, 0x000000076b200000)
  object space 98816K, 7% used [0x00000006c1600000,0x00000006c1d27108,0x00000006c7680000)
 Metaspace       used 33733K, capacity 35448K, committed 35496K, reserved 1079296K
  class space    used 4532K, capacity 4869K, committed 4912K, reserved 1048576K
Event: 3.491 GC heap after
Heap after GC invocations=7 (full 1):
 PSYoungGen      total 409088K, used 12553K [0x000000076b200000, 0x0000000785c00000, 0x00000007c0000000)
  eden space 396288K, 0% used [0x000000076b200000,0x000000076b200000,0x0000000783500000)
  from space 12800K, 98% used [0x0000000784f80000,0x0000000785bc2710,0x0000000785c00000)
  to   space 14848K, 0% used [0x0000000783f00000,0x0000000783f00000,0x0000000784d80000)
 ParOldGen       total 98816K, used 7332K [0x00000006c1600000, 0x00000006c7680000, 0x000000076b200000)
  object space 98816K, 7% used [0x00000006c1600000,0x00000006c1d29108,0x00000006c7680000)
 Metaspace       used 33733K, capacity 35448K, committed 35496K, reserved 1079296K
  class space    used 4532K, capacity 4869K, committed 4912K, reserved 1048576K
}
Event: 3.491 GC heap before
{Heap before GC invocations=8 (full 2):
 PSYoungGen      total 409088K, used 12553K [0x000000076b200000, 0x0000000785c00000, 0x00000007c0000000)
  eden space 396288K, 0% used [0x000000076b200000,0x000000076b200000,0x0000000783500000)
  from space 12800K, 98% used [0x0000000784f80000,0x0000000785bc2710,0x0000000785c00000)
  to   space 14848K, 0% used [0x0000000783f00000,0x0000000783f00000,0x0000000784d80000)
 ParOldGen       total 98816K, used 7332K [0x00000006c1600000, 0x00000006c7680000, 0x000000076b200000)
  object space 98816K, 7% used [0x00000006c1600000,0x00000006c1d29108,0x00000006c7680000)
 Metaspace       used 33733K, capacity 35448K, committed 35496K, reserved 1079296K
  class space    used 4532K, capacity 4869K, committed 4912K, reserved 1048576K
Event: 3.528 GC heap after
Heap after GC invocations=8 (full 2):
 PSYoungGen      total 409088K, used 0K [0x000000076b200000, 0x0000000785c00000, 0x00000007c0000000)
  eden space 396288K, 0% used [0x000000076b200000,0x000000076b200000,0x0000000783500000)
  from space 12800K, 0% used [0x0000000784f80000,0x0000000784f80000,0x0000000785c00000)
  to   space 14848K, 0% used [0x0000000783f00000,0x0000000783f00000,0x0000000784d80000)
 ParOldGen       total 151552K, used 16989K [0x00000006c1600000, 0x00000006caa00000, 0x000000076b200000)
  object space 151552K, 11% used [0x00000006c1600000,0x00000006c26974d8,0x00000006caa00000)
 Metaspace       used 33733K, capacity 35448K, committed 35496K, reserved 1079296K
  class space    used 4532K, capacity 4869K, committed 4912K, reserved 1048576K
}
Event: 5.684 GC heap before
{Heap before GC invocations=9 (full 2):
 PSYoungGen      total 409088K, used 396288K [0x000000076b200000, 0x0000000785c00000, 0x00000007c0000000)
  eden space 396288K, 100% used [0x000000076b200000,0x0000000783500000,0x0000000783500000)
  from space 12800K, 0% used [0x0000000784f80000,0x0000000784f80000,0x0000000785c00000)
  to   space 14848K, 0% used [0x0000000783f00000,0x0000000783f00000,0x0000000784d80000)
 ParOldGen       total 151552K, used 16989K [0x00000006c1600000, 0x00000006caa00000, 0x000000076b200000)
  object space 151552K, 11% used [0x00000006c1600000,0x00000006c26974d8,0x00000006caa00000)
 Metaspace       used 53406K, capacity 55520K, committed 55728K, reserved 1097728K
  class space    used 7320K, capacity 7733K, committed 7856K, reserved 1048576K
Event: 5.701 GC heap after
Heap after GC invocations=9 (full 2):
 PSYoungGen      total 421376K, used 14820K [0x000000076b200000, 0x0000000792180000, 0x00000007c0000000)
  eden space 406528K, 0% used [0x000000076b200000,0x000000076b200000,0x0000000783f00000)
  from space 14848K, 99% used [0x0000000783f00000,0x0000000784d79130,0x0000000784d80000)
  to   space 23040K, 0% used [0x0000000790b00000,0x0000000790b00000,0x0000000792180000)
 ParOldGen       total 151552K, used 29307K [0x00000006c1600000, 0x00000006caa00000, 0x000000076b200000)
  object space 151552K, 19% used [0x00000006c1600000,0x00000006c329ee10,0x00000006caa00000)
 Metaspace       used 53406K, capacity 55520K, committed 55728K, reserved 1097728K
  class space    used 7320K, capacity 7733K, committed 7856K, reserved 1048576K
}
Event: 6.295 GC heap before
{Heap before GC invocations=10 (full 2):
 PSYoungGen      total 421376K, used 116316K [0x000000076b200000, 0x0000000792180000, 0x00000007c0000000)
  eden space 406528K, 24% used [0x000000076b200000,0x000000077151e088,0x0000000783f00000)
  from space 14848K, 99% used [0x0000000783f00000,0x0000000784d79130,0x0000000784d80000)
  to   space 23040K, 0% used [0x0000000790b00000,0x0000000790b00000,0x0000000792180000)
 ParOldGen       total 151552K, used 29307K [0x00000006c1600000, 0x00000006caa00000, 0x000000076b200000)
  object space 151552K, 19% used [0x00000006c1600000,0x00000006c329ee10,0x00000006caa00000)
 Metaspace       used 56747K, capacity 59028K, committed 59160K, reserved 1099776K
  class space    used 7737K, capacity 8141K, committed 8240K, reserved 1048576K
Event: 6.311 GC heap after
Heap after GC invocations=10 (full 2):
 PSYoungGen      total 614400K, used 17195K [0x000000076b200000, 0x0000000793d00000, 0x00000007c0000000)
  eden space 591360K, 0% used [0x000000076b200000,0x000000076b200000,0x000000078f380000)
  from space 23040K, 74% used [0x0000000790b00000,0x0000000791bcac98,0x0000000792180000)
  to   space 24064K, 0% used [0x000000078f380000,0x000000078f380000,0x0000000790b00000)
 ParOldGen       total 151552K, used 29315K [0x00000006c1600000, 0x00000006caa00000, 0x000000076b200000)
  object space 151552K, 19% used [0x00000006c1600000,0x00000006c32a0e10,0x00000006caa00000)
 Metaspace       used 56747K, capacity 59028K, committed 59160K, reserved 1099776K
  class space    used 7737K, capacity 8141K, committed 8240K, reserved 1048576K
}
Event: 6.311 GC heap before
{Heap before GC invocations=11 (full 3):
 PSYoungGen      total 614400K, used 17195K [0x000000076b200000, 0x0000000793d00000, 0x00000007c0000000)
  eden space 591360K, 0% used [0x000000076b200000,0x000000076b200000,0x000000078f380000)
  from space 23040K, 74% used [0x0000000790b00000,0x0000000791bcac98,0x0000000792180000)
  to   space 24064K, 0% used [0x000000078f380000,0x000000078f380000,0x0000000790b00000)
 ParOldGen       total 151552K, used 29315K [0x00000006c1600000, 0x00000006caa00000, 0x000000076b200000)
  object space 151552K, 19% used [0x00000006c1600000,0x00000006c32a0e10,0x00000006caa00000)
 Metaspace       used 56747K, capacity 59028K, committed 59160K, reserved 1099776K
  class space    used 7737K, capacity 8141K, committed 8240K, reserved 1048576K
Event: 6.460 GC heap after
Heap after GC invocations=11 (full 3):
 PSYoungGen      total 614400K, used 0K [0x000000076b200000, 0x0000000793d00000, 0x00000007c0000000)
  eden space 591360K, 0% used [0x000000076b200000,0x000000076b200000,0x000000078f380000)
  from space 23040K, 0% used [0x0000000790b00000,0x0000000790b00000,0x0000000792180000)
  to   space 24064K, 0% used [0x000000078f380000,0x000000078f380000,0x0000000790b00000)
 ParOldGen       total 217088K, used 28662K [0x00000006c1600000, 0x00000006cea00000, 0x000000076b200000)
  object space 217088K, 13% used [0x00000006c1600000,0x00000006c31fd890,0x00000006cea00000)
 Metaspace       used 56717K, capacity 58980K, committed 59160K, reserved 1099776K
  class space    used 7733K, capacity 8133K, committed 8240K, reserved 1048576K
}

Deoptimization events (10 events):
Event: 9.721 Thread 0x000001caca6e0000 Uncommon trap: reason=unstable_if action=reinterpret pc=0x000001caab21c4bc method=java.net.URLStreamHandler.parseURL(Ljava/net/URL;Ljava/lang/String;II)V @ 155
Event: 9.721 Thread 0x000001caca6e0000 Uncommon trap: reason=unstable_if action=reinterpret pc=0x000001caaa500e98 method=sun.net.util.IPAddressUtil.scan(Ljava/lang/String;JJ[C)I @ 14
Event: 9.721 Thread 0x000001caca6e0000 Uncommon trap: reason=unstable_if action=reinterpret pc=0x000001caab66c038 method=sun.net.www.protocol.jar.Handler.parseURL(Ljava/net/URL;Ljava/lang/String;II)V @ 116
Event: 9.788 Thread 0x000001caca6e0000 Uncommon trap: reason=unstable_if action=reinterpret pc=0x000001caab67bf4c method=java.lang.String$CaseInsensitiveComparator.compare(Ljava/lang/String;Ljava/lang/String;)I @ 70
Event: 9.796 Thread 0x000001caca6e0000 Uncommon trap: reason=unstable_if action=reinterpret pc=0x000001caaa2eccc4 method=sun.nio.cs.UTF_8$Decoder.decode([BII[C)I @ 30
Event: 9.871 Thread 0x000001caca6e0000 Uncommon trap: reason=bimorphic action=maybe_recompile pc=0x000001caaa787690 method=java.util.Collections$UnmodifiableCollection.contains(Ljava/lang/Object;)Z @ 5
Event: 9.947 Thread 0x000001caca6e0000 Uncommon trap: reason=class_check action=maybe_recompile pc=0x000001caab18a890 method=java.util.AbstractList.equals(Ljava/lang/Object;)Z @ 8
Event: 9.947 Thread 0x000001caca6e0000 Uncommon trap: reason=class_check action=maybe_recompile pc=0x000001caab0c1a68 method=java.util.AbstractList.rangeCheckForAdd(I)V @ 6
Event: 9.971 Thread 0x000001caca6e2000 Uncommon trap: reason=bimorphic action=maybe_recompile pc=0x000001caaaa40bd8 method=java.util.AbstractCollection.containsAll(Ljava/util/Collection;)Z @ 25
Event: 9.974 Thread 0x000001caca6e2000 Uncommon trap: reason=bimorphic action=maybe_recompile pc=0x000001caaaa40bd8 method=java.util.AbstractCollection.containsAll(Ljava/util/Collection;)Z @ 25

Classes redefined (0 events):
No events

Internal exceptions (10 events):
Event: 6.721 Thread 0x000001cac6816000 Exception <a 'java/lang/ClassNotFoundException': org/springframework/context/ApplicationContextAwareCustomizer> (0x000000076df6e6a0) thrown at [C:\jenkins\workspace\8-2-build-windows-amd64-cygwin\jdk8u261\295\hotspot\src\share\vm\classfile\systemDictionar
Event: 6.722 Thread 0x000001cac6816000 Exception <a 'java/lang/ClassNotFoundException': org/springframework/beans/factory/AwareCustomizer> (0x000000076df9bd30) thrown at [C:\jenkins\workspace\8-2-build-windows-amd64-cygwin\jdk8u261\295\hotspot\src\share\vm\classfile\systemDictionary.cpp, line 
Event: 6.960 Thread 0x000001cac6816000 Exception <a 'java/lang/ClassNotFoundException': java/lang/ObjectCustomizer> (0x000000077007ef80) thrown at [C:\jenkins\workspace\8-2-build-windows-amd64-cygwin\jdk8u261\295\hotspot\src\share\vm\classfile\systemDictionary.cpp, line 210]
Event: 6.961 Thread 0x000001cac6816000 Exception <a 'java/lang/ClassNotFoundException': org/springframework/security/config/annotation/web/configuration/WebSecurityConfigurationCustomizer> (0x00000007700cd1b0) thrown at [C:\jenkins\workspace\8-2-build-windows-amd64-cygwin\jdk8u261\295\hotspot\
Event: 6.962 Thread 0x000001cac6816000 Exception <a 'java/lang/ClassNotFoundException': org/springframework/context/annotation/ImportAwareCustomizer> (0x000000077010e7a0) thrown at [C:\jenkins\workspace\8-2-build-windows-amd64-cygwin\jdk8u261\295\hotspot\src\share\vm\classfile\systemDictionary
Event: 6.962 Thread 0x000001cac6816000 Exception <a 'java/lang/ClassNotFoundException': org/springframework/beans/factory/AwareCustomizer> (0x000000077013ada8) thrown at [C:\jenkins\workspace\8-2-build-windows-amd64-cygwin\jdk8u261\295\hotspot\src\share\vm\classfile\systemDictionary.cpp, line 
Event: 6.963 Thread 0x000001cac6816000 Exception <a 'java/lang/ClassNotFoundException': org/springframework/beans/factory/BeanClassLoaderAwareCustomizer> (0x000000077016f838) thrown at [C:\jenkins\workspace\8-2-build-windows-amd64-cygwin\jdk8u261\295\hotspot\src\share\vm\classfile\systemDictio
Event: 6.963 Thread 0x000001cac6816000 Exception <a 'java/lang/ClassNotFoundException': org/springframework/beans/factory/AwareCustomizer> (0x000000077019be20) thrown at [C:\jenkins\workspace\8-2-build-windows-amd64-cygwin\jdk8u261\295\hotspot\src\share\vm\classfile\systemDictionary.cpp, line 
Event: 7.431 Thread 0x000001cac6816000 Implicit null exception at 0x000001caaa9ca0c4 to 0x000001caaa9ca3a6
Event: 7.496 Thread 0x000001cac6816000 Exception <a 'java/lang/IncompatibleClassChangeError': Found class java.lang.Object, but interface was expected> (0x000000077508e7b8) thrown at [C:\jenkins\workspace\8-2-build-windows-amd64-cygwin\jdk8u261\295\hotspot\src\share\vm\interpreter\linkResolver

Events (10 events):
Event: 10.361 Executing VM operation: RevokeBias
Event: 10.361 Executing VM operation: RevokeBias done
Event: 10.361 Thread 0x000001cad0abb800 Thread exited: 0x000001cad0abb800
Event: 10.362 Thread 0x000001cac3559000 flushing nmethod 0x000001caaa71ef90
Event: 10.362 Thread 0x000001cac3559000 flushing nmethod 0x000001caaa7ba610
Event: 10.362 Thread 0x000001cac3559000 flushing nmethod 0x000001caaa7dd8d0
Event: 10.364 Thread 0x000001cac3559000 flushing nmethod 0x000001caaa915710
Event: 10.366 Thread 0x000001cac3559000 flushing nmethod 0x000001caaacdd0d0
Event: 10.367 Thread 0x000001cac3559000 flushing nmethod 0x000001caaad607d0
Event: 10.367 Thread 0x000001cac3559000 flushing nmethod 0x000001caaadd5310


Dynamic libraries:
0x00007ff62efe0000 - 0x00007ff62f027000 	C:\Program Files\Java\jdk1.8.0_261\bin\javaw.exe
0x00007ff889590000 - 0x00007ff889785000 	C:\WINDOWS\SYSTEM32\ntdll.dll
0x00007ff888440000 - 0x00007ff8884fd000 	C:\WINDOWS\System32\KERNEL32.DLL
0x00007ff887320000 - 0x00007ff8875e9000 	C:\WINDOWS\System32\KERNELBASE.dll
0x00007ff888a00000 - 0x00007ff888aac000 	C:\WINDOWS\System32\ADVAPI32.dll
0x00007ff888b20000 - 0x00007ff888bbe000 	C:\WINDOWS\System32\msvcrt.dll
0x00007ff887620000 - 0x00007ff8876bb000 	C:\WINDOWS\System32\sechost.dll
0x00007ff8876c0000 - 0x00007ff8877ea000 	C:\WINDOWS\System32\RPCRT4.dll
0x00007ff889260000 - 0x00007ff889400000 	C:\WINDOWS\System32\USER32.dll
0x00007ff886d70000 - 0x00007ff886d92000 	C:\WINDOWS\System32\win32u.dll
0x00007ff8875f0000 - 0x00007ff88761a000 	C:\WINDOWS\System32\GDI32.dll
0x00007ff887010000 - 0x00007ff88711b000 	C:\WINDOWS\System32\gdi32full.dll
0x00007ff887120000 - 0x00007ff8871bd000 	C:\WINDOWS\System32\msvcp_win.dll
0x00007ff886eb0000 - 0x00007ff886fb0000 	C:\WINDOWS\System32\ucrtbase.dll
0x00007ff87b200000 - 0x00007ff87b49a000 	C:\WINDOWS\WinSxS\amd64_microsoft.windows.common-controls_6595b64144ccf1df_6.0.19041.1110_none_60b5254171f9507e\COMCTL32.dll
0x00007ff888140000 - 0x00007ff888170000 	C:\WINDOWS\System32\IMM32.DLL
0x00007ff871280000 - 0x00007ff871295000 	C:\Program Files\Java\jdk1.8.0_261\jre\bin\vcruntime140.dll
0x00007ff8621a0000 - 0x00007ff86223b000 	C:\Program Files\Java\jdk1.8.0_261\jre\bin\msvcp140.dll
0x0000000062c00000 - 0x000000006346c000 	C:\Program Files\Java\jdk1.8.0_261\jre\bin\server\jvm.dll
0x00007ff888f20000 - 0x00007ff888f28000 	C:\WINDOWS\System32\PSAPI.DLL
0x00007ff875060000 - 0x00007ff875069000 	C:\WINDOWS\SYSTEM32\WSOCK32.dll
0x00007ff87f1f0000 - 0x00007ff87f217000 	C:\WINDOWS\SYSTEM32\WINMM.dll
0x00007ff8812c0000 - 0x00007ff8812ca000 	C:\WINDOWS\SYSTEM32\VERSION.dll
0x00007ff888ab0000 - 0x00007ff888b1b000 	C:\WINDOWS\System32\WS2_32.dll
0x00007ff885550000 - 0x00007ff885562000 	C:\WINDOWS\SYSTEM32\kernel.appcore.dll
0x00007ff87ccc0000 - 0x00007ff87ccd0000 	C:\Program Files\Java\jdk1.8.0_261\jre\bin\verify.dll
0x00007ff870d70000 - 0x00007ff870d9b000 	C:\Program Files\Java\jdk1.8.0_261\jre\bin\java.dll
0x00007ff871200000 - 0x00007ff871218000 	C:\Program Files\Java\jdk1.8.0_261\jre\bin\zip.dll
0x00007ff8877f0000 - 0x00007ff887f2f000 	C:\WINDOWS\System32\SHELL32.dll
0x00007ff884db0000 - 0x00007ff885540000 	C:\WINDOWS\SYSTEM32\windows.storage.dll
0x00007ff888bc0000 - 0x00007ff888f15000 	C:\WINDOWS\System32\combase.dll
0x00007ff886720000 - 0x00007ff88674c000 	C:\WINDOWS\SYSTEM32\Wldp.dll
0x00007ff888390000 - 0x00007ff88843e000 	C:\WINDOWS\System32\SHCORE.dll
0x00007ff888170000 - 0x00007ff8881c5000 	C:\WINDOWS\System32\shlwapi.dll
0x00007ff886c00000 - 0x00007ff886c1f000 	C:\WINDOWS\SYSTEM32\profapi.dll
0x00007ff87cba0000 - 0x00007ff87cbad000 	C:\Program Files\Java\jdk1.8.0_261\jre\bin\management.dll
0x00007ff870c10000 - 0x00007ff870c2c000 	C:\Program Files\Java\jdk1.8.0_261\jre\bin\net.dll
0x00007ff886480000 - 0x00007ff8864ea000 	C:\WINDOWS\system32\mswsock.dll
0x00007ff84c8f0000 - 0x00007ff84c907000 	C:\WINDOWS\system32\napinsp.dll
0x00007ff831a40000 - 0x00007ff831a5b000 	C:\WINDOWS\system32\pnrpnsp.dll
0x00007ff8649d0000 - 0x00007ff8649e5000 	C:\WINDOWS\system32\wshbth.dll
0x00007ff8836d0000 - 0x00007ff8836ed000 	C:\WINDOWS\system32\NLAapi.dll
0x00007ff886120000 - 0x00007ff88615b000 	C:\WINDOWS\SYSTEM32\IPHLPAPI.DLL
0x00007ff886170000 - 0x00007ff88623c000 	C:\WINDOWS\SYSTEM32\DNSAPI.dll
0x00007ff888560000 - 0x00007ff888568000 	C:\WINDOWS\System32\NSI.dll
0x00007ff831a20000 - 0x00007ff831a32000 	C:\WINDOWS\System32\winrnr.dll
0x00007ff87f610000 - 0x00007ff87f61a000 	C:\Windows\System32\rasadhlp.dll
0x00007ff87e200000 - 0x00007ff87e27f000 	C:\WINDOWS\System32\fwpuclnt.dll
0x00007ff886e80000 - 0x00007ff886ea7000 	C:\WINDOWS\System32\bcrypt.dll
0x00007ff870ba0000 - 0x00007ff870bb3000 	C:\Program Files\Java\jdk1.8.0_261\jre\bin\nio.dll
0x00007ff886670000 - 0x00007ff886688000 	C:\WINDOWS\SYSTEM32\CRYPTSP.dll
0x00007ff885d90000 - 0x00007ff885dc4000 	C:\WINDOWS\system32\rsaenh.dll
0x00007ff886bc0000 - 0x00007ff886bee000 	C:\WINDOWS\SYSTEM32\USERENV.dll
0x00007ff886da0000 - 0x00007ff886e23000 	C:\WINDOWS\System32\bcryptprimitives.dll
0x00007ff886690000 - 0x00007ff88669c000 	C:\WINDOWS\SYSTEM32\CRYPTBASE.dll
0x00007ff880c10000 - 0x00007ff880c27000 	C:\WINDOWS\SYSTEM32\dhcpcsvc6.DLL
0x00007ff880bd0000 - 0x00007ff880bed000 	C:\WINDOWS\SYSTEM32\dhcpcsvc.DLL
0x00007ff86be10000 - 0x00007ff86be34000 	C:\Program Files\Java\jdk1.8.0_261\jre\bin\sunec.dll
0x000000006e740000 - 0x000000006fda5000 	C:\Users\heart\AppData\Local\Temp\xuggle\xuggle175301644784678005.dll
0x00007ff887f30000 - 0x00007ff88805a000 	C:\WINDOWS\System32\ole32.dll
0x00007ff870b20000 - 0x00007ff870b39000 	C:\WINDOWS\SYSTEM32\AVICAP32.dll
0x00007ff86b4d0000 - 0x00007ff86b4fb000 	C:\WINDOWS\SYSTEM32\MSVFW32.dll
0x00007ff875100000 - 0x00007ff8752e4000 	C:\WINDOWS\SYSTEM32\dbghelp.dll

VM Arguments:
jvm_args: -Dfile.encoding=UTF-8 
java_command: vn.edu.topedu.Main
java_class_path (initial): D:\Github\CDW\project_web_2021\CourseBackend\SpringBoot\target\classes;C:\Users\heart\.p2\pool\plugins\org.junit_4.13.0.v20200204-1500.jar;C:\Users\heart\.p2\pool\plugins\org.hamcrest.core_1.3.0.v20180420-1519.jar;C:\Users\heart\.m2\repository\xuggle\xuggle-xuggler\5.4\xuggle-xuggler-5.4.jar;C:\Users\heart\.m2\repository\io\grpc\grpc-all\1.40.1\grpc-all-1.40.1.jar;C:\Users\heart\.m2\repository\io\grpc\grpc-api\1.40.1\grpc-api-1.40.1.jar;C:\Users\heart\.m2\repository\com\google\code\findbugs\jsr305\3.0.2\jsr305-3.0.2.jar;C:\Users\heart\.m2\repository\com\google\errorprone\error_prone_annotations\2.4.0\error_prone_annotations-2.4.0.jar;C:\Users\heart\.m2\repository\io\grpc\grpc-auth\1.40.1\grpc-auth-1.40.1.jar;C:\Users\heart\.m2\repository\com\google\auth\google-auth-library-credentials\0.22.2\google-auth-library-credentials-0.22.2.jar;C:\Users\heart\.m2\repository\io\grpc\grpc-context\1.40.1\grpc-context-1.40.1.jar;C:\Users\heart\.m2\repository\io\grpc\grpc-core\1.40.1\grpc-core-1.40.1.jar;C:\Users\heart\.m2\repository\com\google\code\gson\gson\2.8.6\gson-2.8.6.jar;C:\Users\heart\.m2\repository\com\google\android\annotations\4.1.1.4\annotations-4.1.1.4.jar;C:\Users\heart\.m2\repository\org\codehaus\mojo\animal-sniffer-annotations\1.19\animal-sniffer-annotations-1.19.jar;C:\Users\heart\.m2\repository\io\perfmark\perfmark-api\0.23.0\perfmark-api-0.23.0.jar;C:\Users\heart\.m2\repository\io\grpc\grpc-grpclb\1.40.1\grpc-grpclb-1.40.1.jar;C:\Users\heart\.m2\repository\com\google\protobuf\protobuf-java\3.17.2\protobuf-java-3.17.2.jar;C:\Users\heart\.m2\repository\com\google\protobuf\protobuf-java-util\3.17.2\protobuf-java-util-3.17.2.jar;C:\Users\heart\.m2\repository\io\grpc\grpc-netty\1.40.1\grpc-netty-1.40.1.jar;C:\Users\heart\.m2\repository\io\netty\netty-codec-http2\4.1.45.Final\netty-codec-http2-4.1.45.Final.jar;C:\Users\heart\.m2\repository\io\netty\netty-handler-proxy\4.1.45.Final\netty-handler-proxy-4.1.45.Final.jar;C:\Users\heart\.m2\re
Launcher Type: SUN_STANDARD

Environment Variables:
JAVA_HOME=C:\Program Files\Java\jdk1.8.0_261
PATH=C:/Program Files/Java/jdk-14.0.1/bin/server;C:/Program Files/Java/jdk-14.0.1/bin;C:\Program Files\Java\jdk1.8.0_261;C:\Program Files\Java\jdk1.8.0_261\bin;C:\Program Files\Common Files\Oracle\Java\javapath;C:\Program Files (x86)\Common Files\Oracle\Java\javapath;C:\Program Files (x86)\Intel\iCLS Client\;C:\Program Files\Intel\iCLS Client\;C:\WINDOWS\system32;C:\WINDOWS;C:\WINDOWS\System32\Wbem;C:\WINDOWS\System32\WindowsPowerShell\v1.0\;C:\WINDOWS\System32\OpenSSH\;C:\Program Files (x86)\Intel\Intel(R) Management Engine Components\DAL;C:\Program Files\Intel\Intel(R) Management Engine Components\DAL;C:\Program Files (x86)\Intel\Intel(R) Management Engine Components\IPT;C:\Program Files\Intel\Intel(R) Management Engine Components\IPT;C:\Program Files\Intel\WiFi\bin\;C:\Program Files\Common Files\Intel\WirelessCommon\;C:\Program Files (x86)\Microsoft SQL Server\150\DTS\Binn\;C:\Program Files\Git\cmd;C:\Program Files\nodejs\;C:\Program Files\Microsoft SQL Server\130\Tools\Binn\;C:\Program Files\Microsoft SQL Server\Client SDK\ODBC\170\Tools\Binn\;C:\Program Files\dotnet\;C:\Windows\Microsoft.NET\Framework64\v4.0.30319;C:\Program Files\Docker\Docker\resources\bin;C:\ProgramData\DockerDesktop\version-bin;C:\Program Files (x86)\NVIDIA Corporation\PhysX\Common;C:\ffmpeg-4.4-full_build\bin;C:\Users\heart\AppData\Local\Programs\Python\Python39\Scripts\;C:\Users\heart\AppData\Local\Programs\Python\Python39\;C:\Users\heart\AppData\Local\Microsoft\WindowsApps;C:\Users\heart\AppData\Local\Programs\Microsoft VS Code\bin;C:\Users\heart\AppData\Roaming\npm;D:\Lib\Maven\apache-maven-3.6.3\bin;C:\Users\heart\.dotnet\tools;C:\Users\heart\AppData\Local\Programs\Fiddler;C:\ffmpeg-4.4-full_build\bin;;C:\Users\heart\OneDrive\Desktop;
USERNAME=heart
OS=Windows_NT
PROCESSOR_IDENTIFIER=Intel64 Family 6 Model 60 Stepping 3, GenuineIntel



---------------  S Y S T E M  ---------------

OS: Windows 10.0 , 64 bit Build 19041 (10.0.19041.1151)

CPU:total 8 (initial active 8) (4 cores per cpu, 2 threads per core) family 6 model 60 stepping 3, cmov, cx8, fxsr, mmx, sse, sse2, sse3, ssse3, sse4.1, sse4.2, popcnt, avx, avx2, aes, clmul, erms, lzcnt, ht, tsc, tscinvbit, bmi1, bmi2

Memory: 4k page, physical 16680012k(5580904k free), swap 19632696k(2513116k free)

vm_info: Java HotSpot(TM) 64-Bit Server VM (25.261-b12) for windows-amd64 JRE (1.8.0_261-b12), built on Jun 18 2020 06:56:32 by "" with unknown MS VC++:1916

time: Fri Sep 17 18:53:34 2021
timezone: SE Asia Standard Time
elapsed time: 10 seconds (0d 0h 0m 10s)

