#
# A fatal error has been detected by the Java Runtime Environment:
#
#  EXCEPTION_ACCESS_VIOLATION (0xc0000005) at pc=0x000000006ee76520, pid=24568, tid=0x0000000000005f40
#
# JRE version: Java(TM) SE Runtime Environment (8.0_261-b12) (build 1.8.0_261-b12)
# Java VM: Java HotSpot(TM) 64-Bit Server VM (25.261-b12 mixed mode windows-amd64 compressed oops)
# Problematic frame:
# C  [xuggle5876866126287561794.dll+0x736520]
#
# Failed to write core dump. Minidumps are not enabled by default on client versions of Windows
#
# If you would like to submit a bug report, please visit:
#   http://bugreport.java.com/bugreport/crash.jsp
# The crash happened outside the Java Virtual Machine in native code.
# See problematic frame for where to report the bug.
#

---------------  T H R E A D  ---------------

Current thread (0x0000024a9c086800):  JavaThread "http-nio-25001-exec-2" daemon [_thread_in_native, id=24384, stack(0x000000d4a0800000,0x000000d4a0900000)]

siginfo: ExceptionCode=0xc0000005, reading address 0xffffffffffffffff

Registers:
RAX=0x0000024a9858c790, RBX=0x0000024aa0b63620, RCX=0x0000024a9858c790, RDX=0x0000000000000009
RSP=0x000000d4a08f9ba0, RBP=0x0000024a9858bed0, RSI=0x0000024a9858d790, RDI=0x0000000000000004
R8 =0x000000006ee77580, R9 =0x000000006ee76490, R10=0x0000024a98550310, R11=0x0000024aa0bd1f30
R12=0x0000024aa0bd2730, R13=0x0000000000000004, R14=0x0000000000000184, R15=0x000000006fab8f20
RIP=0x000000006ee76520, EFLAGS=0x0000000000010202

Top of Stack: (sp=0x000000d4a08f9ba0)
0x000000d4a08f9ba0:   000000006ee76665 000000006ee774c5
0x000000d4a08f9bb0:   000000006ee77505 000000006ee77545
0x000000d4a08f9bc0:   000000006ee77585 000000006ee79426
0x000000d4a08f9bd0:   000000006fab8f20 0000024a9858c790
0x000000d4a08f9be0:   0000024aa0b65ae0 0000024a80007b50
0x000000d4a08f9bf0:   3fe0000000000000 0000000000000000
0x000000d4a08f9c00:   40c7760000000000 0000000000000000
0x000000d4a08f9c10:   3fe0000000000000 0000000000000001
0x000000d4a08f9c20:   0000024aa0b66ae0 000000006ea45d24
0x000000d4a08f9c30:   3f40624dd2f1a9fc 0000000000000000
0x000000d4a08f9c40:   0000000000000000 0000000000000000
0x000000d4a08f9c50:   00000000ee79c569 0000000000000000
0x000000d4a08f9c60:   0000024aa0b6f9e0 000000006fab7320
0x000000d4a08f9c70:   0000000000000000 0000024aa0b63580
0x000000d4a08f9c80:   0000000000000001 0000024a9858bed0
0x000000d4a08f9c90:   0000024a9858bf50 0000000000000000 

Instructions: (pc=0x000000006ee76520)
0x000000006ee76500:   c4 e3 5d 0c c0 55 c5 e4 5c c8 c5 e4 58 c0 c5 fc
0x000000006ee76510:   29 01 c5 fc 29 49 20 c3 0f 1f 84 00 00 00 00 00
0x000000006ee76520:   c5 fc 28 51 40 c5 fc 28 59 60 c5 ec 5c fb c5 ec
0x000000006ee76530:   58 d3 c5 c4 57 3d 26 41 84 00 c5 ec c6 df be c5 


Register to memory mapping:

RAX=0x0000024a9858c790 is an unknown value
RBX=0x0000024aa0b63620 is an unknown value
RCX=0x0000024a9858c790 is an unknown value
RDX=0x0000000000000009 is an unknown value
RSP=0x000000d4a08f9ba0 is pointing into the stack for thread: 0x0000024a9c086800
RBP=0x0000024a9858bed0 is an unknown value
RSI=0x0000024a9858d790 is an unknown value
RDI=0x0000000000000004 is an unknown value
R8 =0x000000006ee77580 is an unknown value
R9 =0x000000006ee76490 is an unknown value
R10=0x0000024a98550310 is an unknown value
R11=0x0000024aa0bd1f30 is an unknown value
R12=0x0000024aa0bd2730 is an unknown value
R13=0x0000000000000004 is an unknown value
R14=0x0000000000000184 is an unknown value
R15=0x000000006fab8f20 is an unknown value


Stack: [0x000000d4a0800000,0x000000d4a0900000],  sp=0x000000d4a08f9ba0,  free space=998k
Native frames: (J=compiled Java code, j=interpreted, Vv=VM code, C=native code)
C  [xuggle5876866126287561794.dll+0x736520]

Java frames: (J=compiled Java code, j=interpreted, Vv=VM code)
j  com.xuggle.xuggler.XugglerJNI.IContainer_open__SWIG_0(JLcom/xuggle/xuggler/IContainer;Ljava/lang/String;IJLcom/xuggle/xuggler/IContainerFormat;)I+0
j  com.xuggle.xuggler.IContainer.open(Ljava/lang/String;Lcom/xuggle/xuggler/IContainer$Type;Lcom/xuggle/xuggler/IContainerFormat;)I+15
j  vn.edu.topedu.xuggler.VideoInfo.getDuration(Ljava/lang/String;)J+10
j  vn.edu.topedu.rest.admin.VideoREST.list(Ljavax/servlet/http/HttpServletRequest;Lorg/springframework/security/core/Authentication;IILjava/lang/String;Ljava/lang/String;)Lorg/springframework/http/ResponseEntity;+86
j  vn.edu.topedu.rest.admin.VideoREST$$FastClassBySpringCGLIB$$73d810d5.invoke(ILjava/lang/Object;[Ljava/lang/Object;)Ljava/lang/Object;+78
j  org.springframework.cglib.proxy.MethodProxy.invoke(Ljava/lang/Object;[Ljava/lang/Object;)Ljava/lang/Object;+19
j  org.springframework.aop.framework.CglibAopProxy$CglibMethodInvocation.invokeJoinpoint()Ljava/lang/Object;+19
j  org.springframework.aop.framework.ReflectiveMethodInvocation.proceed()Ljava/lang/Object;+19
j  org.springframework.aop.framework.CglibAopProxy$CglibMethodInvocation.proceed()Ljava/lang/Object;+1
j  org.springframework.security.access.intercept.aopalliance.MethodSecurityInterceptor.invoke(Lorg/aopalliance/intercept/MethodInvocation;)Ljava/lang/Object;+7
j  org.springframework.aop.framework.ReflectiveMethodInvocation.proceed()Ljava/lang/Object;+120
j  org.springframework.aop.framework.CglibAopProxy$CglibMethodInvocation.proceed()Ljava/lang/Object;+1
j  org.springframework.aop.framework.CglibAopProxy$DynamicAdvisedInterceptor.intercept(Ljava/lang/Object;Ljava/lang/reflect/Method;[Ljava/lang/Object;Lorg/springframework/cglib/proxy/MethodProxy;)Ljava/lang/Object;+133
j  vn.edu.topedu.rest.admin.VideoREST$$EnhancerBySpringCGLIB$$c03073d6.list(Ljavax/servlet/http/HttpServletRequest;Lorg/springframework/security/core/Authentication;IILjava/lang/String;Ljava/lang/String;)Lorg/springframework/http/ResponseEntity;+76
v  ~StubRoutines::call_stub
J 2728  sun.reflect.NativeMethodAccessorImpl.invoke0(Ljava/lang/reflect/Method;Ljava/lang/Object;[Ljava/lang/Object;)Ljava/lang/Object; (0 bytes) @ 0x0000024a808fc6bf [0x0000024a808fc640+0x7f]
J 2545 C1 sun.reflect.NativeMethodAccessorImpl.invoke(Ljava/lang/Object;[Ljava/lang/Object;)Ljava/lang/Object; (104 bytes) @ 0x0000024a8088ebbc [0x0000024a8088d9c0+0x11fc]
J 5094 C2 java.lang.reflect.Method.invoke(Ljava/lang/Object;[Ljava/lang/Object;)Ljava/lang/Object; (62 bytes) @ 0x0000024a81241434 [0x0000024a81241380+0xb4]
j  org.springframework.web.method.support.InvocableHandlerMethod.doInvoke([Ljava/lang/Object;)Ljava/lang/Object;+16
j  org.springframework.web.method.support.InvocableHandlerMethod.invokeForRequest(Lorg/springframework/web/context/request/NativeWebRequest;Lorg/springframework/web/method/support/ModelAndViewContainer;[Ljava/lang/Object;)Ljava/lang/Object;+56
j  org.springframework.web.servlet.mvc.method.annotation.ServletInvocableHandlerMethod.invokeAndHandle(Lorg/springframework/web/context/request/ServletWebRequest;Lorg/springframework/web/method/support/ModelAndViewContainer;[Ljava/lang/Object;)V+4
j  org.springframework.web.servlet.mvc.method.annotation.RequestMappingHandlerAdapter.invokeHandlerMethod(Ljavax/servlet/http/HttpServletRequest;Ljavax/servlet/http/HttpServletResponse;Lorg/springframework/web/method/HandlerMethod;)Lorg/springframework/web/servlet/ModelAndView;+244
j  org.springframework.web.servlet.mvc.method.annotation.RequestMappingHandlerAdapter.handleInternal(Ljavax/servlet/http/HttpServletRequest;Ljavax/servlet/http/HttpServletResponse;Lorg/springframework/web/method/HandlerMethod;)Lorg/springframework/web/servlet/ModelAndView;+81
j  org.springframework.web.servlet.mvc.method.AbstractHandlerMethodAdapter.handle(Ljavax/servlet/http/HttpServletRequest;Ljavax/servlet/http/HttpServletResponse;Ljava/lang/Object;)Lorg/springframework/web/servlet/ModelAndView;+7
j  org.springframework.web.servlet.DispatcherServlet.doDispatch(Ljavax/servlet/http/HttpServletRequest;Ljavax/servlet/http/HttpServletResponse;)V+257
j  org.springframework.web.servlet.DispatcherServlet.doService(Ljavax/servlet/http/HttpServletRequest;Ljavax/servlet/http/HttpServletResponse;)V+212
j  org.springframework.web.servlet.FrameworkServlet.processRequest(Ljavax/servlet/http/HttpServletRequest;Ljavax/servlet/http/HttpServletResponse;)V+71
j  org.springframework.web.servlet.FrameworkServlet.doGet(Ljavax/servlet/http/HttpServletRequest;Ljavax/servlet/http/HttpServletResponse;)V+3
j  javax.servlet.http.HttpServlet.service(Ljavax/servlet/http/HttpServletRequest;Ljavax/servlet/http/HttpServletResponse;)V+35
j  org.springframework.web.servlet.FrameworkServlet.service(Ljavax/servlet/http/HttpServletRequest;Ljavax/servlet/http/HttpServletResponse;)V+33
j  javax.servlet.http.HttpServlet.service(Ljavax/servlet/ServletRequest;Ljavax/servlet/ServletResponse;)V+36
j  org.apache.catalina.core.ApplicationFilterChain.internalDoFilter(Ljavax/servlet/ServletRequest;Ljavax/servlet/ServletResponse;)V+304
j  org.apache.catalina.core.ApplicationFilterChain.doFilter(Ljavax/servlet/ServletRequest;Ljavax/servlet/ServletResponse;)V+101
j  org.apache.tomcat.websocket.server.WsFilter.doFilter(Ljavax/servlet/ServletRequest;Ljavax/servlet/ServletResponse;Ljavax/servlet/FilterChain;)V+21
j  org.apache.catalina.core.ApplicationFilterChain.internalDoFilter(Ljavax/servlet/ServletRequest;Ljavax/servlet/ServletResponse;)V+135
j  org.apache.catalina.core.ApplicationFilterChain.doFilter(Ljavax/servlet/ServletRequest;Ljavax/servlet/ServletResponse;)V+101
j  vn.edu.topedu.cors.SimpleCORSFilter.doFilter(Ljavax/servlet/ServletRequest;Ljavax/servlet/ServletResponse;Ljavax/servlet/FilterChain;)V+77
j  org.apache.catalina.core.ApplicationFilterChain.internalDoFilter(Ljavax/servlet/ServletRequest;Ljavax/servlet/ServletResponse;)V+135
j  org.apache.catalina.core.ApplicationFilterChain.doFilter(Ljavax/servlet/ServletRequest;Ljavax/servlet/ServletResponse;)V+101
j  org.springframework.web.filter.CorsFilter.doFilterInternal(Ljavax/servlet/http/HttpServletRequest;Ljavax/servlet/http/HttpServletResponse;Ljavax/servlet/FilterChain;)V+43
j  org.springframework.web.filter.OncePerRequestFilter.doFilter(Ljavax/servlet/ServletRequest;Ljavax/servlet/ServletResponse;Ljavax/servlet/FilterChain;)V+147
j  org.apache.catalina.core.ApplicationFilterChain.internalDoFilter(Ljavax/servlet/ServletRequest;Ljavax/servlet/ServletResponse;)V+135
j  org.apache.catalina.core.ApplicationFilterChain.doFilter(Ljavax/servlet/ServletRequest;Ljavax/servlet/ServletResponse;)V+101
j  org.springframework.security.web.FilterChainProxy$VirtualFilterChain.doFilter(Ljavax/servlet/ServletRequest;Ljavax/servlet/ServletResponse;)V+68
j  org.springframework.security.web.access.intercept.FilterSecurityInterceptor.invoke(Lorg/springframework/security/web/FilterInvocation;)V+94
j  org.springframework.security.web.access.intercept.FilterSecurityInterceptor.doFilter(Ljavax/servlet/ServletRequest;Ljavax/servlet/ServletResponse;Ljavax/servlet/FilterChain;)V+15
j  org.springframework.security.web.FilterChainProxy$VirtualFilterChain.doFilter(Ljavax/servlet/ServletRequest;Ljavax/servlet/ServletResponse;)V+192
j  org.springframework.security.web.access.ExceptionTranslationFilter.doFilter(Ljavax/servlet/ServletRequest;Ljavax/servlet/ServletResponse;Ljavax/servlet/FilterChain;)V+17
j  org.springframework.security.web.FilterChainProxy$VirtualFilterChain.doFilter(Ljavax/servlet/ServletRequest;Ljavax/servlet/ServletResponse;)V+192
j  org.springframework.security.web.session.SessionManagementFilter.doFilter(Ljavax/servlet/ServletRequest;Ljavax/servlet/ServletResponse;Ljavax/servlet/FilterChain;)V+258
j  org.springframework.security.web.FilterChainProxy$VirtualFilterChain.doFilter(Ljavax/servlet/ServletRequest;Ljavax/servlet/ServletResponse;)V+192
j  org.springframework.security.web.authentication.AnonymousAuthenticationFilter.doFilter(Ljavax/servlet/ServletRequest;Ljavax/servlet/ServletResponse;Ljavax/servlet/FilterChain;)V+137
j  org.springframework.security.web.FilterChainProxy$VirtualFilterChain.doFilter(Ljavax/servlet/ServletRequest;Ljavax/servlet/ServletResponse;)V+192
j  org.springframework.security.web.servletapi.SecurityContextHolderAwareRequestFilter.doFilter(Ljavax/servlet/ServletRequest;Ljavax/servlet/ServletResponse;Ljavax/servlet/FilterChain;)V+19
j  org.springframework.security.web.FilterChainProxy$VirtualFilterChain.doFilter(Ljavax/servlet/ServletRequest;Ljavax/servlet/ServletResponse;)V+192
j  org.springframework.security.web.savedrequest.RequestCacheAwareFilter.doFilter(Ljavax/servlet/ServletRequest;Ljavax/servlet/ServletResponse;Ljavax/servlet/FilterChain;)V+32
j  org.springframework.security.web.FilterChainProxy$VirtualFilterChain.doFilter(Ljavax/servlet/ServletRequest;Ljavax/servlet/ServletResponse;)V+192
j  org.springframework.security.web.authentication.www.BasicAuthenticationFilter.doFilterInternal(Ljavax/servlet/http/HttpServletRequest;Ljavax/servlet/http/HttpServletResponse;Ljavax/servlet/FilterChain;)V+29
j  org.springframework.web.filter.OncePerRequestFilter.doFilter(Ljavax/servlet/ServletRequest;Ljavax/servlet/ServletResponse;Ljavax/servlet/FilterChain;)V+147
j  org.springframework.security.web.FilterChainProxy$VirtualFilterChain.doFilter(Ljavax/servlet/ServletRequest;Ljavax/servlet/ServletResponse;)V+192
j  vn.edu.topedu.jwt.security.TokenAuthenticationFilter.doFilterInternal(Ljavax/servlet/http/HttpServletRequest;Ljavax/servlet/http/HttpServletResponse;Ljavax/servlet/FilterChain;)V+96
j  org.springframework.web.filter.OncePerRequestFilter.doFilter(Ljavax/servlet/ServletRequest;Ljavax/servlet/ServletResponse;Ljavax/servlet/FilterChain;)V+147
j  org.springframework.security.web.FilterChainProxy$VirtualFilterChain.doFilter(Ljavax/servlet/ServletRequest;Ljavax/servlet/ServletResponse;)V+192
j  org.springframework.security.web.authentication.logout.LogoutFilter.doFilter(Ljavax/servlet/ServletRequest;Ljavax/servlet/ServletResponse;Ljavax/servlet/FilterChain;)V+115
j  org.springframework.security.web.FilterChainProxy$VirtualFilterChain.doFilter(Ljavax/servlet/ServletRequest;Ljavax/servlet/ServletResponse;)V+192
j  org.springframework.security.web.header.HeaderWriterFilter.doHeadersAfter(Ljavax/servlet/http/HttpServletRequest;Ljavax/servlet/http/HttpServletResponse;Ljavax/servlet/FilterChain;)V+29
j  org.springframework.security.web.header.HeaderWriterFilter.doFilterInternal(Ljavax/servlet/http/HttpServletRequest;Ljavax/servlet/http/HttpServletResponse;Ljavax/servlet/FilterChain;)V+21
j  org.springframework.web.filter.OncePerRequestFilter.doFilter(Ljavax/servlet/ServletRequest;Ljavax/servlet/ServletResponse;Ljavax/servlet/FilterChain;)V+147
j  org.springframework.security.web.FilterChainProxy$VirtualFilterChain.doFilter(Ljavax/servlet/ServletRequest;Ljavax/servlet/ServletResponse;)V+192
j  org.springframework.security.web.context.SecurityContextPersistenceFilter.doFilter(Ljavax/servlet/ServletRequest;Ljavax/servlet/ServletResponse;Ljavax/servlet/FilterChain;)V+165
j  org.springframework.security.web.FilterChainProxy$VirtualFilterChain.doFilter(Ljavax/servlet/ServletRequest;Ljavax/servlet/ServletResponse;)V+192
j  org.springframework.security.web.context.request.async.WebAsyncManagerIntegrationFilter.doFilterInternal(Ljavax/servlet/http/HttpServletRequest;Ljavax/servlet/http/HttpServletResponse;Ljavax/servlet/FilterChain;)V+42
j  org.springframework.web.filter.OncePerRequestFilter.doFilter(Ljavax/servlet/ServletRequest;Ljavax/servlet/ServletResponse;Ljavax/servlet/FilterChain;)V+147
j  org.springframework.security.web.FilterChainProxy$VirtualFilterChain.doFilter(Ljavax/servlet/ServletRequest;Ljavax/servlet/ServletResponse;)V+192
j  org.springframework.security.web.FilterChainProxy.doFilterInternal(Ljavax/servlet/ServletRequest;Ljavax/servlet/ServletResponse;Ljavax/servlet/FilterChain;)V+142
j  org.springframework.security.web.FilterChainProxy.doFilter(Ljavax/servlet/ServletRequest;Ljavax/servlet/ServletResponse;Ljavax/servlet/FilterChain;)V+40
j  org.springframework.web.filter.DelegatingFilterProxy.invokeDelegate(Ljavax/servlet/Filter;Ljavax/servlet/ServletRequest;Ljavax/servlet/ServletResponse;Ljavax/servlet/FilterChain;)V+5
j  org.springframework.web.filter.DelegatingFilterProxy.doFilter(Ljavax/servlet/ServletRequest;Ljavax/servlet/ServletResponse;Ljavax/servlet/FilterChain;)V+85
j  org.apache.catalina.core.ApplicationFilterChain.internalDoFilter(Ljavax/servlet/ServletRequest;Ljavax/servlet/ServletResponse;)V+135
j  org.apache.catalina.core.ApplicationFilterChain.doFilter(Ljavax/servlet/ServletRequest;Ljavax/servlet/ServletResponse;)V+101
j  org.springframework.web.filter.RequestContextFilter.doFilterInternal(Ljavax/servlet/http/HttpServletRequest;Ljavax/servlet/http/HttpServletResponse;Ljavax/servlet/FilterChain;)V+21
j  org.springframework.web.filter.OncePerRequestFilter.doFilter(Ljavax/servlet/ServletRequest;Ljavax/servlet/ServletResponse;Ljavax/servlet/FilterChain;)V+147
j  org.apache.catalina.core.ApplicationFilterChain.internalDoFilter(Ljavax/servlet/ServletRequest;Ljavax/servlet/ServletResponse;)V+135
j  org.apache.catalina.core.ApplicationFilterChain.doFilter(Ljavax/servlet/ServletRequest;Ljavax/servlet/ServletResponse;)V+101
j  org.springframework.web.filter.FormContentFilter.doFilterInternal(Ljavax/servlet/http/HttpServletRequest;Ljavax/servlet/http/HttpServletResponse;Ljavax/servlet/FilterChain;)V+38
j  org.springframework.web.filter.OncePerRequestFilter.doFilter(Ljavax/servlet/ServletRequest;Ljavax/servlet/ServletResponse;Ljavax/servlet/FilterChain;)V+147
j  org.apache.catalina.core.ApplicationFilterChain.internalDoFilter(Ljavax/servlet/ServletRequest;Ljavax/servlet/ServletResponse;)V+135
j  org.apache.catalina.core.ApplicationFilterChain.doFilter(Ljavax/servlet/ServletRequest;Ljavax/servlet/ServletResponse;)V+101
j  org.springframework.session.web.http.SessionRepositoryFilter.doFilterInternal(Ljavax/servlet/http/HttpServletRequest;Ljavax/servlet/http/HttpServletResponse;Ljavax/servlet/FilterChain;)V+44
j  org.springframework.session.web.http.OncePerRequestFilter.doFilter(Ljavax/servlet/ServletRequest;Ljavax/servlet/ServletResponse;Ljavax/servlet/FilterChain;)V+118
j  org.apache.catalina.core.ApplicationFilterChain.internalDoFilter(Ljavax/servlet/ServletRequest;Ljavax/servlet/ServletResponse;)V+135
j  org.apache.catalina.core.ApplicationFilterChain.doFilter(Ljavax/servlet/ServletRequest;Ljavax/servlet/ServletResponse;)V+101
j  org.springframework.web.filter.CharacterEncodingFilter.doFilterInternal(Ljavax/servlet/http/HttpServletRequest;Ljavax/servlet/http/HttpServletResponse;Ljavax/servlet/FilterChain;)V+53
j  org.springframework.web.filter.OncePerRequestFilter.doFilter(Ljavax/servlet/ServletRequest;Ljavax/servlet/ServletResponse;Ljavax/servlet/FilterChain;)V+147
j  org.apache.catalina.core.ApplicationFilterChain.internalDoFilter(Ljavax/servlet/ServletRequest;Ljavax/servlet/ServletResponse;)V+135
j  org.apache.catalina.core.ApplicationFilterChain.doFilter(Ljavax/servlet/ServletRequest;Ljavax/servlet/ServletResponse;)V+101
j  org.apache.catalina.core.StandardWrapperValve.invoke(Lorg/apache/catalina/connector/Request;Lorg/apache/catalina/connector/Response;)V+694
j  org.apache.catalina.core.StandardContextValve.invoke(Lorg/apache/catalina/connector/Request;Lorg/apache/catalina/connector/Response;)V+166
j  org.apache.catalina.authenticator.AuthenticatorBase.invoke(Lorg/apache/catalina/connector/Request;Lorg/apache/catalina/connector/Response;)V+260
j  org.apache.catalina.core.StandardHostValve.invoke(Lorg/apache/catalina/connector/Request;Lorg/apache/catalina/connector/Response;)V+114
j  org.apache.catalina.valves.ErrorReportValve.invoke(Lorg/apache/catalina/connector/Request;Lorg/apache/catalina/connector/Response;)V+6
j  org.apache.catalina.core.StandardEngineValve.invoke(Lorg/apache/catalina/connector/Request;Lorg/apache/catalina/connector/Response;)V+45
j  org.apache.catalina.connector.CoyoteAdapter.service(Lorg/apache/coyote/Request;Lorg/apache/coyote/Response;)V+199
j  org.apache.coyote.http11.Http11Processor.service(Lorg/apache/tomcat/util/net/SocketWrapperBase;)Lorg/apache/tomcat/util/net/AbstractEndpoint$Handler$SocketState;+727
j  org.apache.coyote.AbstractProcessorLight.process(Lorg/apache/tomcat/util/net/SocketWrapperBase;Lorg/apache/tomcat/util/net/SocketEvent;)Lorg/apache/tomcat/util/net/AbstractEndpoint$Handler$SocketState;+170
j  org.apache.coyote.AbstractProtocol$ConnectionHandler.process(Lorg/apache/tomcat/util/net/SocketWrapperBase;Lorg/apache/tomcat/util/net/SocketEvent;)Lorg/apache/tomcat/util/net/AbstractEndpoint$Handler$SocketState;+429
j  org.apache.tomcat.util.net.NioEndpoint$SocketProcessor.doRun()V+221
j  org.apache.tomcat.util.net.SocketProcessorBase.run()V+21
j  java.util.concurrent.ThreadPoolExecutor.runWorker(Ljava/util/concurrent/ThreadPoolExecutor$Worker;)V+95
j  java.util.concurrent.ThreadPoolExecutor$Worker.run()V+5
j  org.apache.tomcat.util.threads.TaskThread$WrappingRunnable.run()V+4
j  java.lang.Thread.run()V+11
v  ~StubRoutines::call_stub

---------------  P R O C E S S  ---------------

Java Threads: ( => current thread )
  0x0000024a9b483000 JavaThread "http-nio-25001-Acceptor" daemon [_thread_in_native, id=16008, stack(0x000000d4a1200000,0x000000d4a1300000)]
  0x0000024a99cb2000 JavaThread "http-nio-25001-ClientPoller" daemon [_thread_in_native, id=6236, stack(0x000000d4a1100000,0x000000d4a1200000)]
  0x0000024a99cb6800 JavaThread "http-nio-25001-exec-10" daemon [_thread_blocked, id=13156, stack(0x000000d4a1000000,0x000000d4a1100000)]
  0x0000024a99cb4800 JavaThread "http-nio-25001-exec-9" daemon [_thread_blocked, id=37380, stack(0x000000d4a0f00000,0x000000d4a1000000)]
  0x0000024a99cb0800 JavaThread "http-nio-25001-exec-8" daemon [_thread_blocked, id=12756, stack(0x000000d4a0e00000,0x000000d4a0f00000)]
  0x0000024a99cb1800 JavaThread "http-nio-25001-exec-7" daemon [_thread_blocked, id=19008, stack(0x000000d4a0d00000,0x000000d4a0e00000)]
  0x0000024a99cb0000 JavaThread "http-nio-25001-exec-6" daemon [_thread_blocked, id=20200, stack(0x000000d4a0c00000,0x000000d4a0d00000)]
  0x0000024a99cb6000 JavaThread "http-nio-25001-exec-5" daemon [_thread_blocked, id=18360, stack(0x000000d4a0b00000,0x000000d4a0c00000)]
  0x0000024a9c089800 JavaThread "http-nio-25001-exec-4" daemon [_thread_blocked, id=13072, stack(0x000000d4a0a00000,0x000000d4a0b00000)]
  0x0000024a9c089000 JavaThread "http-nio-25001-exec-3" daemon [_thread_blocked, id=2076, stack(0x000000d4a0900000,0x000000d4a0a00000)]
=>0x0000024a9c086800 JavaThread "http-nio-25001-exec-2" daemon [_thread_in_native, id=24384, stack(0x000000d4a0800000,0x000000d4a0900000)]
  0x0000024a9c085800 JavaThread "http-nio-25001-exec-1" daemon [_thread_blocked, id=18976, stack(0x000000d4a0700000,0x000000d4a0800000)]
  0x0000024a9c084000 JavaThread "http-nio-25001-BlockPoller" daemon [_thread_in_native, id=18456, stack(0x000000d4a0600000,0x000000d4a0700000)]
  0x0000024a9c087800 JavaThread "MessageBroker-4" [_thread_blocked, id=24280, stack(0x000000d4a0400000,0x000000d4a0500000)]
  0x0000024a9c088000 JavaThread "MessageBroker-3" [_thread_blocked, id=31484, stack(0x000000d4a0300000,0x000000d4a0400000)]
  0x0000024a9c085000 JavaThread "MessageBroker-2" [_thread_blocked, id=5828, stack(0x000000d4a0200000,0x000000d4a0300000)]
  0x0000024a9c07c800 JavaThread "File Watcher" daemon [_thread_blocked, id=35608, stack(0x000000d4a0100000,0x000000d4a0200000)]
  0x0000024a9c07e000 JavaThread "MessageBroker-1" [_thread_blocked, id=14928, stack(0x000000d4a0000000,0x000000d4a0100000)]
  0x0000024a9c07c000 JavaThread "container-0" [_thread_blocked, id=24424, stack(0x000000d49ff00000,0x000000d4a0000000)]
  0x0000024a9c081000 JavaThread "Catalina-utility-2" [_thread_blocked, id=8304, stack(0x000000d49fe00000,0x000000d49ff00000)]
  0x0000024a9c07f800 JavaThread "Catalina-utility-1" [_thread_blocked, id=4804, stack(0x000000d49fd00000,0x000000d49fe00000)]
  0x0000024a9c082800 JavaThread "HikariPool-3 housekeeper" daemon [_thread_blocked, id=37972, stack(0x000000d49e400000,0x000000d49e500000)]
  0x0000024a9c08b000 JavaThread "DestroyJavaVM" [_thread_blocked, id=15816, stack(0x000000d49e500000,0x000000d49e600000)]
  0x0000024a99cb3000 JavaThread "Live Reload Server" daemon [_thread_in_native, id=2220, stack(0x000000d4a0500000,0x000000d4a0600000)]
  0x0000024a99cb3800 JavaThread "mysql-cj-abandoned-connection-cleanup" daemon [_thread_blocked, id=33424, stack(0x000000d49fb00000,0x000000d49fc00000)]
  0x0000024afc79a800 JavaThread "Service Thread" daemon [_thread_blocked, id=23820, stack(0x000000d49f700000,0x000000d49f800000)]
  0x0000024afa931000 JavaThread "C1 CompilerThread3" daemon [_thread_blocked, id=25328, stack(0x000000d49f600000,0x000000d49f700000)]
  0x0000024afa92c000 JavaThread "C2 CompilerThread2" daemon [_thread_in_native, id=20220, stack(0x000000d49f500000,0x000000d49f600000)]
  0x0000024afa929000 JavaThread "C2 CompilerThread1" daemon [_thread_blocked, id=1800, stack(0x000000d49f400000,0x000000d49f500000)]
  0x0000024afa924000 JavaThread "C2 CompilerThread0" daemon [_thread_blocked, id=11656, stack(0x000000d49f300000,0x000000d49f400000)]
  0x0000024afa922000 JavaThread "Attach Listener" daemon [_thread_blocked, id=32908, stack(0x000000d49f200000,0x000000d49f300000)]
  0x0000024afa91c800 JavaThread "Signal Dispatcher" daemon [_thread_blocked, id=33852, stack(0x000000d49f100000,0x000000d49f200000)]
  0x0000024afa8f9800 JavaThread "Finalizer" daemon [_thread_blocked, id=19364, stack(0x000000d49f000000,0x000000d49f100000)]
  0x0000024afa8f2000 JavaThread "Reference Handler" daemon [_thread_blocked, id=30912, stack(0x000000d49ef00000,0x000000d49f000000)]

Other Threads:
  0x0000024afa8ca000 VMThread [stack: 0x000000d49ee00000,0x000000d49ef00000] [id=28324]
  0x0000024afa976800 WatcherThread [stack: 0x000000d49f800000,0x000000d49f900000] [id=3720]

VM state:not at safepoint (normal execution)

VM Mutex/Monitor currently owned by a thread: None

heap address: 0x00000006c1600000, size: 4074 MB, Compressed Oops mode: Zero based, Oop shift amount: 3
Narrow klass base: 0x0000000000000000, Narrow klass shift: 3
Compressed class space size: 1073741824 Address: 0x00000007c0000000

Heap:
 PSYoungGen      total 819200K, used 453764K [0x000000076b200000, 0x000000079ec00000, 0x00000007c0000000)
  eden space 794624K, 57% used [0x000000076b200000,0x0000000786d21118,0x000000079ba00000)
  from space 24576K, 0% used [0x000000079d400000,0x000000079d400000,0x000000079ec00000)
  to   space 25600K, 0% used [0x000000079ba00000,0x000000079ba00000,0x000000079d300000)
 ParOldGen       total 203264K, used 36277K [0x00000006c1600000, 0x00000006cdc80000, 0x000000076b200000)
  object space 203264K, 17% used [0x00000006c1600000,0x00000006c396d540,0x00000006cdc80000)
 Metaspace       used 77399K, capacity 81108K, committed 81432K, reserved 1120256K
  class space    used 10108K, capacity 10716K, committed 10800K, reserved 1048576K

Card table byte_map: [0x0000024af8930000,0x0000024af9130000] byte_map_base: 0x0000024af5325000

Marking Bits: (ParMarkBitMap*) 0x0000000063414fb0
 Begin Bits: [0x0000024a8f000000, 0x0000024a92fa8000)
 End Bits:   [0x0000024a92fa8000, 0x0000024a96f50000)

Polling page: 0x0000024af6ce0000

CodeCache: size=245760Kb used=30120Kb max_used=30133Kb free=215639Kb
 bounds [0x0000024a80000000, 0x0000024a81da0000, 0x0000024a8f000000]
 total_blobs=9412 nmethods=8764 adapters=558
 compilation: enabled

Compilation events (10 events):
Event: 187.091 Thread 0x0000024afa931000 nmethod 10406 0x0000024a81d8cf10 code [0x0000024a81d8d140, 0x0000024a81d8deb0]
Event: 187.091 Thread 0x0000024afa931000 10405       1       com.mysql.cj.protocol.a.NativeServerSession::isAutoCommit (5 bytes)
Event: 187.091 Thread 0x0000024afa931000 nmethod 10405 0x0000024a81d8cc50 code [0x0000024a81d8cda0, 0x0000024a81d8ceb8]
Event: 187.093 Thread 0x0000024afa931000 10407       3       java.lang.AbstractStringBuilder::append (50 bytes)
Event: 187.093 Thread 0x0000024afa931000 nmethod 10407 0x0000024a81d8c010 code [0x0000024a81d8c1e0, 0x0000024a81d8c940]
Event: 187.093 Thread 0x0000024afa931000 10409       3       com.xuggle.ferry.JNIMemoryManager::getMgr (4 bytes)
Event: 187.093 Thread 0x0000024afa931000 nmethod 10409 0x0000024a81d8fc90 code [0x0000024a81d8fde0, 0x0000024a81d8ff18]
Event: 187.093 Thread 0x0000024afa931000 10408       3       java.util.concurrent.atomic.AtomicLong::set (6 bytes)
Event: 187.094 Thread 0x0000024afa931000 nmethod 10408 0x0000024a81d8ff90 code [0x0000024a81d900e0, 0x0000024a81d90258]
Event: 187.097 Thread 0x0000024afa924000 nmethod 10398 0x0000024a81d93850 code [0x0000024a81d93a80, 0x0000024a81d943b8]

GC Heap History (10 events):
Event: 7.064 GC heap before
{Heap before GC invocations=11 (full 3):
 PSYoungGen      total 659456K, used 17151K [0x000000076b200000, 0x0000000796200000, 0x00000007c0000000)
  eden space 635904K, 0% used [0x000000076b200000,0x000000076b200000,0x0000000791f00000)
  from space 23552K, 72% used [0x0000000793680000,0x000000079473fc08,0x0000000794d80000)
  to   space 24064K, 0% used [0x0000000791f00000,0x0000000791f00000,0x0000000793680000)
 ParOldGen       total 141824K, used 29741K [0x00000006c1600000, 0x00000006ca080000, 0x000000076b200000)
  object space 141824K, 20% used [0x00000006c1600000,0x00000006c330b600,0x00000006ca080000)
 Metaspace       used 56755K, capacity 59016K, committed 59160K, reserved 1099776K
  class space    used 7733K, capacity 8141K, committed 8240K, reserved 1048576K
Event: 7.212 GC heap after
Heap after GC invocations=11 (full 3):
 PSYoungGen      total 659456K, used 0K [0x000000076b200000, 0x0000000796200000, 0x00000007c0000000)
  eden space 635904K, 0% used [0x000000076b200000,0x000000076b200000,0x0000000791f00000)
  from space 23552K, 0% used [0x0000000793680000,0x0000000793680000,0x0000000794d80000)
  to   space 24064K, 0% used [0x0000000791f00000,0x0000000791f00000,0x0000000793680000)
 ParOldGen       total 203264K, used 28620K [0x00000006c1600000, 0x00000006cdc80000, 0x000000076b200000)
  object space 203264K, 14% used [0x00000006c1600000,0x00000006c31f3360,0x00000006cdc80000)
 Metaspace       used 56725K, capacity 58968K, committed 59160K, reserved 1099776K
  class space    used 7729K, capacity 8133K, committed 8240K, reserved 1048576K
}
Event: 89.077 GC heap before
{Heap before GC invocations=12 (full 3):
 PSYoungGen      total 659456K, used 592289K [0x000000076b200000, 0x0000000796200000, 0x00000007c0000000)
  eden space 635904K, 93% used [0x000000076b200000,0x000000078f4687f8,0x0000000791f00000)
  from space 23552K, 0% used [0x0000000793680000,0x0000000793680000,0x0000000794d80000)
  to   space 24064K, 0% used [0x0000000791f00000,0x0000000791f00000,0x0000000793680000)
 ParOldGen       total 203264K, used 28620K [0x00000006c1600000, 0x00000006cdc80000, 0x000000076b200000)
  object space 203264K, 14% used [0x00000006c1600000,0x00000006c31f3360,0x00000006cdc80000)
 Metaspace       used 71990K, capacity 75412K, committed 75672K, reserved 1114112K
  class space    used 9743K, capacity 10314K, committed 10416K, reserved 1048576K
Event: 89.103 GC heap after
Heap after GC invocations=12 (full 3):
 PSYoungGen      total 659968K, used 21496K [0x000000076b200000, 0x000000079ee00000, 0x00000007c0000000)
  eden space 635904K, 0% used [0x000000076b200000,0x000000076b200000,0x0000000791f00000)
  from space 24064K, 89% used [0x0000000791f00000,0x00000007933fe208,0x0000000793680000)
  to   space 26624K, 0% used [0x000000079d400000,0x000000079d400000,0x000000079ee00000)
 ParOldGen       total 203264K, used 28628K [0x00000006c1600000, 0x00000006cdc80000, 0x000000076b200000)
  object space 203264K, 14% used [0x00000006c1600000,0x00000006c31f5360,0x00000006cdc80000)
 Metaspace       used 71990K, capacity 75412K, committed 75672K, reserved 1114112K
  class space    used 9743K, capacity 10314K, committed 10416K, reserved 1048576K
}
Event: 89.103 GC heap before
{Heap before GC invocations=13 (full 4):
 PSYoungGen      total 659968K, used 21496K [0x000000076b200000, 0x000000079ee00000, 0x00000007c0000000)
  eden space 635904K, 0% used [0x000000076b200000,0x000000076b200000,0x0000000791f00000)
  from space 24064K, 89% used [0x0000000791f00000,0x00000007933fe208,0x0000000793680000)
  to   space 26624K, 0% used [0x000000079d400000,0x000000079d400000,0x000000079ee00000)
 ParOldGen       total 203264K, used 28628K [0x00000006c1600000, 0x00000006cdc80000, 0x000000076b200000)
  object space 203264K, 14% used [0x00000006c1600000,0x00000006c31f5360,0x00000006cdc80000)
 Metaspace       used 71990K, capacity 75412K, committed 75672K, reserved 1114112K
  class space    used 9743K, capacity 10314K, committed 10416K, reserved 1048576K
Event: 89.291 GC heap after
Heap after GC invocations=13 (full 4):
 PSYoungGen      total 659968K, used 0K [0x000000076b200000, 0x000000079ee00000, 0x00000007c0000000)
  eden space 635904K, 0% used [0x000000076b200000,0x000000076b200000,0x0000000791f00000)
  from space 24064K, 0% used [0x0000000791f00000,0x0000000791f00000,0x0000000793680000)
  to   space 26624K, 0% used [0x000000079d400000,0x000000079d400000,0x000000079ee00000)
 ParOldGen       total 203264K, used 44060K [0x00000006c1600000, 0x00000006cdc80000, 0x000000076b200000)
  object space 203264K, 21% used [0x00000006c1600000,0x00000006c41071b0,0x00000006cdc80000)
 Metaspace       used 71904K, capacity 75274K, committed 75672K, reserved 1114112K
  class space    used 9730K, capacity 10291K, committed 10416K, reserved 1048576K
}
Event: 180.818 GC heap before
{Heap before GC invocations=14 (full 4):
 PSYoungGen      total 659968K, used 589118K [0x000000076b200000, 0x000000079ee00000, 0x00000007c0000000)
  eden space 635904K, 92% used [0x000000076b200000,0x000000078f14fb50,0x0000000791f00000)
  from space 24064K, 0% used [0x0000000791f00000,0x0000000791f00000,0x0000000793680000)
  to   space 26624K, 0% used [0x000000079d400000,0x000000079d400000,0x000000079ee00000)
 ParOldGen       total 203264K, used 44060K [0x00000006c1600000, 0x00000006cdc80000, 0x000000076b200000)
  object space 203264K, 21% used [0x00000006c1600000,0x00000006c41071b0,0x00000006cdc80000)
 Metaspace       used 74867K, capacity 78412K, committed 78616K, reserved 1118208K
  class space    used 9931K, capacity 10527K, committed 10544K, reserved 1048576K
Event: 180.827 GC heap after
Heap after GC invocations=14 (full 4):
 PSYoungGen      total 819200K, used 10969K [0x000000076b200000, 0x000000079ec00000, 0x00000007c0000000)
  eden space 794624K, 0% used [0x000000076b200000,0x000000076b200000,0x000000079ba00000)
  from space 24576K, 44% used [0x000000079d400000,0x000000079deb64c8,0x000000079ec00000)
  to   space 25600K, 0% used [0x000000079ba00000,0x000000079ba00000,0x000000079d300000)
 ParOldGen       total 203264K, used 44068K [0x00000006c1600000, 0x00000006cdc80000, 0x000000076b200000)
  object space 203264K, 21% used [0x00000006c1600000,0x00000006c41091b0,0x00000006cdc80000)
 Metaspace       used 74867K, capacity 78412K, committed 78616K, reserved 1118208K
  class space    used 9931K, capacity 10527K, committed 10544K, reserved 1048576K
}
Event: 180.827 GC heap before
{Heap before GC invocations=15 (full 5):
 PSYoungGen      total 819200K, used 10969K [0x000000076b200000, 0x000000079ec00000, 0x00000007c0000000)
  eden space 794624K, 0% used [0x000000076b200000,0x000000076b200000,0x000000079ba00000)
  from space 24576K, 44% used [0x000000079d400000,0x000000079deb64c8,0x000000079ec00000)
  to   space 25600K, 0% used [0x000000079ba00000,0x000000079ba00000,0x000000079d300000)
 ParOldGen       total 203264K, used 44068K [0x00000006c1600000, 0x00000006cdc80000, 0x000000076b200000)
  object space 203264K, 21% used [0x00000006c1600000,0x00000006c41091b0,0x00000006cdc80000)
 Metaspace       used 74867K, capacity 78412K, committed 78616K, reserved 1118208K
  class space    used 9931K, capacity 10527K, committed 10544K, reserved 1048576K
Event: 180.973 GC heap after
Heap after GC invocations=15 (full 5):
 PSYoungGen      total 819200K, used 0K [0x000000076b200000, 0x000000079ec00000, 0x00000007c0000000)
  eden space 794624K, 0% used [0x000000076b200000,0x000000076b200000,0x000000079ba00000)
  from space 24576K, 0% used [0x000000079d400000,0x000000079d400000,0x000000079ec00000)
  to   space 25600K, 0% used [0x000000079ba00000,0x000000079ba00000,0x000000079d300000)
 ParOldGen       total 203264K, used 36277K [0x00000006c1600000, 0x00000006cdc80000, 0x000000076b200000)
  object space 203264K, 17% used [0x00000006c1600000,0x00000006c396d540,0x00000006cdc80000)
 Metaspace       used 74748K, capacity 78220K, committed 78616K, reserved 1118208K
  class space    used 9914K, capacity 10494K, committed 10544K, reserved 1048576K
}

Deoptimization events (10 events):
Event: 181.182 Thread 0x0000024a9c082000 Uncommon trap: reason=array_check action=maybe_recompile pc=0x0000024a81241d88 method=java.util.AbstractCollection.toArray([Ljava/lang/Object;)[Ljava/lang/Object; @ 119
Event: 181.458 Thread 0x0000024a9c082000 Uncommon trap: reason=bimorphic action=maybe_recompile pc=0x0000024a81591aa0 method=org.springframework.core.annotation.AnnotationsScanner.processMethodAnnotations(Ljava/lang/Object;ILjava/lang/reflect/Method;Lorg/springframework/core/annotation/Annotatio
Event: 181.458 Thread 0x0000024a9c082000 Uncommon trap: reason=bimorphic action=maybe_recompile pc=0x0000024a81591aa0 method=org.springframework.core.annotation.AnnotationsScanner.processMethodAnnotations(Ljava/lang/Object;ILjava/lang/reflect/Method;Lorg/springframework/core/annotation/Annotatio
Event: 181.919 Thread 0x0000024a9c082000 Uncommon trap: reason=class_check action=maybe_recompile pc=0x0000024a812b82dc method=net.bytebuddy.description.type.TypeDefinition$Sort.describe(Ljava/lang/reflect/Type;Lnet/bytebuddy/description/type/TypeDescription$Generic$AnnotationReader;)Lnet/bytebu
Event: 182.267 Thread 0x0000024a9c082000 Uncommon trap: reason=bimorphic action=maybe_recompile pc=0x0000024a807b0494 method=java.util.regex.Pattern$Slice.match(Ljava/util/regex/Matcher;ILjava/lang/CharSequence;)Z @ 75
Event: 182.268 Thread 0x0000024a9c082000 Uncommon trap: reason=bimorphic action=maybe_recompile pc=0x0000024a807b0494 method=java.util.regex.Pattern$Slice.match(Ljava/util/regex/Matcher;ILjava/lang/CharSequence;)Z @ 75
Event: 182.348 Thread 0x0000024a9c082000 Uncommon trap: reason=unstable_if action=reinterpret pc=0x0000024a80d794e0 method=java.util.regex.Pattern$LastNode.match(Ljava/util/regex/Matcher;ILjava/lang/CharSequence;)Z @ 13
Event: 182.518 Thread 0x0000024a9c082000 Uncommon trap: reason=class_check action=maybe_recompile pc=0x0000024a80702584 method=java.util.concurrent.ConcurrentMap.computeIfAbsent(Ljava/lang/Object;Ljava/util/function/Function;)Ljava/lang/Object; @ 7
Event: 187.069 Thread 0x0000024a9c086800 Uncommon trap: reason=bimorphic action=maybe_recompile pc=0x0000024a8121104c method=java.util.Collections$UnmodifiableCollection.contains(Ljava/lang/Object;)Z @ 5
Event: 187.088 Thread 0x0000024a9c086800 Uncommon trap: reason=unstable_if action=reinterpret pc=0x0000024a80217d14 method=java.lang.AbstractStringBuilder.append(Ljava/lang/String;)Ljava/lang/AbstractStringBuilder; @ 1

Classes redefined (0 events):
No events

Internal exceptions (10 events):
Event: 182.142 Thread 0x0000024a9c082000 Exception <a 'java/lang/ClassNotFoundException': java/lang/ObjectCustomizer> (0x000000077e8c92f8) thrown at [C:\jenkins\workspace\8-2-build-windows-amd64-cygwin\jdk8u261\295\hotspot\src\share\vm\classfile\systemDictionary.cpp, line 210]
Event: 182.143 Thread 0x0000024a9c082000 Exception <a 'java/lang/ClassNotFoundException': org/springframework/security/config/annotation/web/configuration/WebSecurityConfigurerAdapterCustomizer> (0x000000077e919a18) thrown at [C:\jenkins\workspace\8-2-build-windows-amd64-cygwin\jdk8u261\295\hots
Event: 182.144 Thread 0x0000024a9c082000 Exception <a 'java/lang/ClassNotFoundException': vn/edu/topedu/jwt/security/WebSecurityConfigCustomizer> (0x000000077e955a10) thrown at [C:\jenkins\workspace\8-2-build-windows-amd64-cygwin\jdk8u261\295\hotspot\src\share\vm\classfile\systemDictionary.cpp, 
Event: 182.147 Thread 0x0000024a9c082000 Exception <a 'java/lang/ClassNotFoundException': vn/edu/topedu/jwt/security/WebSecurityConfig$$EnhancerBySpringCGLIB$$b3f7bdd4Customizer> (0x000000077e99d640) thrown at [C:\jenkins\workspace\8-2-build-windows-amd64-cygwin\jdk8u261\295\hotspot\src\share\vm
Event: 182.148 Thread 0x0000024a9c082000 Exception <a 'java/lang/ClassNotFoundException': org/springframework/context/annotation/ConfigurationClassEnhancer$EnhancedConfigurationCustomizer> (0x000000077e9f4528) thrown at [C:\jenkins\workspace\8-2-build-windows-amd64-cygwin\jdk8u261\295\hotspot\sr
Event: 182.149 Thread 0x0000024a9c082000 Exception <a 'java/lang/ClassNotFoundException': org/springframework/beans/factory/BeanFactoryAwareCustomizer> (0x000000077ea26be8) thrown at [C:\jenkins\workspace\8-2-build-windows-amd64-cygwin\jdk8u261\295\hotspot\src\share\vm\classfile\systemDictionary
Event: 182.150 Thread 0x0000024a9c082000 Exception <a 'java/lang/ClassNotFoundException': org/springframework/beans/factory/AwareCustomizer> (0x000000077ea536f0) thrown at [C:\jenkins\workspace\8-2-build-windows-amd64-cygwin\jdk8u261\295\hotspot\src\share\vm\classfile\systemDictionary.cpp, line 
Event: 182.150 Thread 0x0000024a9c082000 Exception <a 'java/lang/ClassNotFoundException': org/springframework/security/config/annotation/web/WebSecurityConfigurerCustomizer> (0x000000077ea91fd0) thrown at [C:\jenkins\workspace\8-2-build-windows-amd64-cygwin\jdk8u261\295\hotspot\src\share\vm\clas
Event: 182.151 Thread 0x0000024a9c082000 Exception <a 'java/lang/ClassNotFoundException': org/springframework/security/config/annotation/SecurityConfigurerCustomizer> (0x000000077eace3e8) thrown at [C:\jenkins\workspace\8-2-build-windows-amd64-cygwin\jdk8u261\295\hotspot\src\share\vm\classfile\s
Event: 187.088 Thread 0x0000024a9c086800 Implicit null exception at 0x0000024a80217956 to 0x0000024a80217cfd

Events (10 events):
Event: 187.066 Executing VM operation: BulkRevokeBias
Event: 187.066 Executing VM operation: BulkRevokeBias done
Event: 187.069 Thread 0x0000024a9c086800 Uncommon trap: trap_request=0xffffffc6 fr.pc=0x0000024a8121104c
Event: 187.069 Thread 0x0000024a9c086800 DEOPT PACKING pc=0x0000024a8121104c sp=0x000000d4a08fbab0
Event: 187.069 Thread 0x0000024a9c086800 DEOPT UNPACKING pc=0x0000024a80045843 sp=0x000000d4a08fba60 mode 2
Event: 187.069 Executing VM operation: RevokeBias
Event: 187.069 Executing VM operation: RevokeBias done
Event: 187.088 Thread 0x0000024a9c086800 Uncommon trap: trap_request=0xffffff65 fr.pc=0x0000024a80217d14
Event: 187.088 Thread 0x0000024a9c086800 DEOPT PACKING pc=0x0000024a80217d14 sp=0x000000d4a08f9720
Event: 187.088 Thread 0x0000024a9c086800 DEOPT UNPACKING pc=0x0000024a80045843 sp=0x000000d4a08f9700 mode 2


Dynamic libraries:
0x00007ff62efe0000 - 0x00007ff62f027000 	C:\Program Files\Java\jdk1.8.0_261\bin\javaw.exe
0x00007ff889590000 - 0x00007ff889785000 	C:\WINDOWS\SYSTEM32\ntdll.dll
0x00007ff888440000 - 0x00007ff8884fd000 	C:\WINDOWS\System32\KERNEL32.DLL
0x00007ff887320000 - 0x00007ff8875e9000 	C:\WINDOWS\System32\KERNELBASE.dll
0x00007ff888a00000 - 0x00007ff888aac000 	C:\WINDOWS\System32\ADVAPI32.dll
0x00007ff888b20000 - 0x00007ff888bbe000 	C:\WINDOWS\System32\msvcrt.dll
0x00007ff887620000 - 0x00007ff8876bb000 	C:\WINDOWS\System32\sechost.dll
0x00007ff8876c0000 - 0x00007ff8877ea000 	C:\WINDOWS\System32\RPCRT4.dll
0x00007ff889260000 - 0x00007ff889400000 	C:\WINDOWS\System32\USER32.dll
0x00007ff886d70000 - 0x00007ff886d92000 	C:\WINDOWS\System32\win32u.dll
0x00007ff8875f0000 - 0x00007ff88761a000 	C:\WINDOWS\System32\GDI32.dll
0x00007ff887010000 - 0x00007ff88711b000 	C:\WINDOWS\System32\gdi32full.dll
0x00007ff887120000 - 0x00007ff8871bd000 	C:\WINDOWS\System32\msvcp_win.dll
0x00007ff886eb0000 - 0x00007ff886fb0000 	C:\WINDOWS\System32\ucrtbase.dll
0x00007ff87b200000 - 0x00007ff87b49a000 	C:\WINDOWS\WinSxS\amd64_microsoft.windows.common-controls_6595b64144ccf1df_6.0.19041.1110_none_60b5254171f9507e\COMCTL32.dll
0x00007ff888140000 - 0x00007ff888170000 	C:\WINDOWS\System32\IMM32.DLL
0x00007ff871280000 - 0x00007ff871295000 	C:\Program Files\Java\jdk1.8.0_261\jre\bin\vcruntime140.dll
0x00007ff8631b0000 - 0x00007ff86324b000 	C:\Program Files\Java\jdk1.8.0_261\jre\bin\msvcp140.dll
0x0000000062c20000 - 0x000000006348c000 	C:\Program Files\Java\jdk1.8.0_261\jre\bin\server\jvm.dll
0x00007ff888f20000 - 0x00007ff888f28000 	C:\WINDOWS\System32\PSAPI.DLL
0x00007ff875060000 - 0x00007ff875069000 	C:\WINDOWS\SYSTEM32\WSOCK32.dll
0x00007ff87f1f0000 - 0x00007ff87f217000 	C:\WINDOWS\SYSTEM32\WINMM.dll
0x00007ff888ab0000 - 0x00007ff888b1b000 	C:\WINDOWS\System32\WS2_32.dll
0x00007ff8812c0000 - 0x00007ff8812ca000 	C:\WINDOWS\SYSTEM32\VERSION.dll
0x00007ff885550000 - 0x00007ff885562000 	C:\WINDOWS\SYSTEM32\kernel.appcore.dll
0x00007ff87b710000 - 0x00007ff87b720000 	C:\Program Files\Java\jdk1.8.0_261\jre\bin\verify.dll
0x00007ff870e30000 - 0x00007ff870e5b000 	C:\Program Files\Java\jdk1.8.0_261\jre\bin\java.dll
0x00007ff871200000 - 0x00007ff871218000 	C:\Program Files\Java\jdk1.8.0_261\jre\bin\zip.dll
0x00007ff8877f0000 - 0x00007ff887f2f000 	C:\WINDOWS\System32\SHELL32.dll
0x00007ff884db0000 - 0x00007ff885540000 	C:\WINDOWS\SYSTEM32\windows.storage.dll
0x00007ff888bc0000 - 0x00007ff888f15000 	C:\WINDOWS\System32\combase.dll
0x00007ff886720000 - 0x00007ff88674c000 	C:\WINDOWS\SYSTEM32\Wldp.dll
0x00007ff888390000 - 0x00007ff88843e000 	C:\WINDOWS\System32\SHCORE.dll
0x00007ff888170000 - 0x00007ff8881c5000 	C:\WINDOWS\System32\shlwapi.dll
0x00007ff886c00000 - 0x00007ff886c1f000 	C:\WINDOWS\SYSTEM32\profapi.dll
0x00007ff8712f0000 - 0x00007ff8712fd000 	C:\Program Files\Java\jdk1.8.0_261\jre\bin\management.dll
0x00007ff870d80000 - 0x00007ff870d9c000 	C:\Program Files\Java\jdk1.8.0_261\jre\bin\net.dll
0x00007ff886480000 - 0x00007ff8864ea000 	C:\WINDOWS\system32\mswsock.dll
0x00007ff84c8f0000 - 0x00007ff84c907000 	C:\WINDOWS\system32\napinsp.dll
0x00007ff831a40000 - 0x00007ff831a5b000 	C:\WINDOWS\system32\pnrpnsp.dll
0x00007ff8649d0000 - 0x00007ff8649e5000 	C:\WINDOWS\system32\wshbth.dll
0x00007ff8836d0000 - 0x00007ff8836ed000 	C:\WINDOWS\system32\NLAapi.dll
0x00007ff886120000 - 0x00007ff88615b000 	C:\WINDOWS\SYSTEM32\IPHLPAPI.DLL
0x00007ff886170000 - 0x00007ff88623c000 	C:\WINDOWS\SYSTEM32\DNSAPI.dll
0x00007ff888560000 - 0x00007ff888568000 	C:\WINDOWS\System32\NSI.dll
0x00007ff831a20000 - 0x00007ff831a32000 	C:\WINDOWS\System32\winrnr.dll
0x00007ff87f610000 - 0x00007ff87f61a000 	C:\Windows\System32\rasadhlp.dll
0x00007ff87e200000 - 0x00007ff87e27f000 	C:\WINDOWS\System32\fwpuclnt.dll
0x00007ff886e80000 - 0x00007ff886ea7000 	C:\WINDOWS\System32\bcrypt.dll
0x00007ff870c10000 - 0x00007ff870c23000 	C:\Program Files\Java\jdk1.8.0_261\jre\bin\nio.dll
0x00007ff886670000 - 0x00007ff886688000 	C:\WINDOWS\SYSTEM32\CRYPTSP.dll
0x00007ff885d90000 - 0x00007ff885dc4000 	C:\WINDOWS\system32\rsaenh.dll
0x00007ff886bc0000 - 0x00007ff886bee000 	C:\WINDOWS\SYSTEM32\USERENV.dll
0x00007ff886da0000 - 0x00007ff886e23000 	C:\WINDOWS\System32\bcryptprimitives.dll
0x00007ff886690000 - 0x00007ff88669c000 	C:\WINDOWS\SYSTEM32\CRYPTBASE.dll
0x00007ff880c10000 - 0x00007ff880c27000 	C:\WINDOWS\SYSTEM32\dhcpcsvc6.DLL
0x00007ff880bd0000 - 0x00007ff880bed000 	C:\WINDOWS\SYSTEM32\dhcpcsvc.DLL
0x00007ff870e00000 - 0x00007ff870e24000 	C:\Program Files\Java\jdk1.8.0_261\jre\bin\sunec.dll
0x000000006e740000 - 0x000000006fda5000 	C:\Users\heart\AppData\Local\Temp\xuggle\xuggle5876866126287561794.dll
0x00007ff887f30000 - 0x00007ff88805a000 	C:\WINDOWS\System32\ole32.dll
0x00007ff870de0000 - 0x00007ff870df9000 	C:\WINDOWS\SYSTEM32\AVICAP32.dll
0x00007ff86bdd0000 - 0x00007ff86bdfb000 	C:\WINDOWS\SYSTEM32\MSVFW32.dll
0x00007ff875100000 - 0x00007ff8752e4000 	C:\WINDOWS\SYSTEM32\dbghelp.dll

VM Arguments:
jvm_args: -Dfile.encoding=UTF-8 
java_command: vn.edu.topedu.Main
java_class_path (initial): D:\Github\CDW\project_web_2021\CourseBackend\SpringBoot\target\classes;C:\Users\heart\.p2\pool\plugins\org.junit_4.13.0.v20200204-1500.jar;C:\Users\heart\.p2\pool\plugins\org.hamcrest.core_1.3.0.v20180420-1519.jar;C:\Users\heart\.m2\repository\xuggle\xuggle-xuggler\5.4\xuggle-xuggler-5.4.jar;C:\Users\heart\.m2\repository\io\grpc\grpc-all\1.40.1\grpc-all-1.40.1.jar;C:\Users\heart\.m2\repository\io\grpc\grpc-api\1.40.1\grpc-api-1.40.1.jar;C:\Users\heart\.m2\repository\com\google\code\findbugs\jsr305\3.0.2\jsr305-3.0.2.jar;C:\Users\heart\.m2\repository\com\google\errorprone\error_prone_annotations\2.4.0\error_prone_annotations-2.4.0.jar;C:\Users\heart\.m2\repository\io\grpc\grpc-auth\1.40.1\grpc-auth-1.40.1.jar;C:\Users\heart\.m2\repository\com\google\auth\google-auth-library-credentials\0.22.2\google-auth-library-credentials-0.22.2.jar;C:\Users\heart\.m2\repository\io\grpc\grpc-context\1.40.1\grpc-context-1.40.1.jar;C:\Users\heart\.m2\repository\io\grpc\grpc-core\1.40.1\grpc-core-1.40.1.jar;C:\Users\heart\.m2\repository\com\google\code\gson\gson\2.8.6\gson-2.8.6.jar;C:\Users\heart\.m2\repository\com\google\android\annotations\4.1.1.4\annotations-4.1.1.4.jar;C:\Users\heart\.m2\repository\org\codehaus\mojo\animal-sniffer-annotations\1.19\animal-sniffer-annotations-1.19.jar;C:\Users\heart\.m2\repository\io\perfmark\perfmark-api\0.23.0\perfmark-api-0.23.0.jar;C:\Users\heart\.m2\repository\io\grpc\grpc-grpclb\1.40.1\grpc-grpclb-1.40.1.jar;C:\Users\heart\.m2\repository\com\google\protobuf\protobuf-java\3.17.2\protobuf-java-3.17.2.jar;C:\Users\heart\.m2\repository\com\google\protobuf\protobuf-java-util\3.17.2\protobuf-java-util-3.17.2.jar;C:\Users\heart\.m2\repository\io\grpc\grpc-netty\1.40.1\grpc-netty-1.40.1.jar;C:\Users\heart\.m2\repository\io\netty\netty-codec-http2\4.1.45.Final\netty-codec-http2-4.1.45.Final.jar;C:\Users\heart\.m2\repository\io\netty\netty-handler-proxy\4.1.45.Final\netty-handler-proxy-4.1.45.Final.jar;C:\Users\heart\.m2\re
Launcher Type: SUN_STANDARD

Environment Variables:
JAVA_HOME=C:\Program Files\Java\jdk1.8.0_261
PATH=C:/Program Files/Java/jdk-14.0.1/bin/server;C:/Program Files/Java/jdk-14.0.1/bin;C:\Program Files\Java\jdk1.8.0_261;C:\Program Files\Java\jdk1.8.0_261\bin;C:\Program Files\Common Files\Oracle\Java\javapath;C:\Program Files (x86)\Common Files\Oracle\Java\javapath;C:\Program Files (x86)\Intel\iCLS Client\;C:\Program Files\Intel\iCLS Client\;C:\WINDOWS\system32;C:\WINDOWS;C:\WINDOWS\System32\Wbem;C:\WINDOWS\System32\WindowsPowerShell\v1.0\;C:\WINDOWS\System32\OpenSSH\;C:\Program Files (x86)\Intel\Intel(R) Management Engine Components\DAL;C:\Program Files\Intel\Intel(R) Management Engine Components\DAL;C:\Program Files (x86)\Intel\Intel(R) Management Engine Components\IPT;C:\Program Files\Intel\Intel(R) Management Engine Components\IPT;C:\Program Files\Intel\WiFi\bin\;C:\Program Files\Common Files\Intel\WirelessCommon\;C:\Program Files (x86)\Microsoft SQL Server\150\DTS\Binn\;C:\Program Files\Git\cmd;C:\Program Files\nodejs\;C:\Program Files\Microsoft SQL Server\130\Tools\Binn\;C:\Program Files\Microsoft SQL Server\Client SDK\ODBC\170\Tools\Binn\;C:\Program Files\dotnet\;C:\Windows\Microsoft.NET\Framework64\v4.0.30319;C:\Program Files\Docker\Docker\resources\bin;C:\ProgramData\DockerDesktop\version-bin;C:\Program Files (x86)\NVIDIA Corporation\PhysX\Common;C:\ffmpeg-4.4-full_build\bin;C:\Users\heart\AppData\Local\Programs\Python\Python39\Scripts\;C:\Users\heart\AppData\Local\Programs\Python\Python39\;C:\Users\heart\AppData\Local\Microsoft\WindowsApps;C:\Users\heart\AppData\Local\Programs\Microsoft VS Code\bin;C:\Users\heart\AppData\Roaming\npm;D:\Lib\Maven\apache-maven-3.6.3\bin;C:\Users\heart\.dotnet\tools;C:\Users\heart\AppData\Local\Programs\Fiddler;C:\ffmpeg-4.4-full_build\bin;;C:\Users\heart\OneDrive\Desktop;
USERNAME=heart
OS=Windows_NT
PROCESSOR_IDENTIFIER=Intel64 Family 6 Model 60 Stepping 3, GenuineIntel



---------------  S Y S T E M  ---------------

OS: Windows 10.0 , 64 bit Build 19041 (10.0.19041.1151)

CPU:total 8 (initial active 8) (4 cores per cpu, 2 threads per core) family 6 model 60 stepping 3, cmov, cx8, fxsr, mmx, sse, sse2, sse3, ssse3, sse4.1, sse4.2, popcnt, avx, avx2, aes, clmul, erms, lzcnt, ht, tsc, tscinvbit, bmi1, bmi2

Memory: 4k page, physical 16680012k(5720676k free), swap 19549468k(2542488k free)

vm_info: Java HotSpot(TM) 64-Bit Server VM (25.261-b12) for windows-amd64 JRE (1.8.0_261-b12), built on Jun 18 2020 06:56:32 by "" with unknown MS VC++:1916

time: Fri Sep 17 18:40:28 2021
timezone: SE Asia Standard Time
elapsed time: 187 seconds (0d 0h 3m 7s)

